[2025-01-07T13:14:12.040+0000] {local_task_job_runner.py:120} INFO - ::group::Pre task execution logs
[2025-01-07T13:14:12.073+0000] {taskinstance.py:2076} INFO - Dependencies all met for dep_context=non-requeueable deps ti=<TaskInstance: first_dag_execution_date.even_only scheduled__2025-01-04T00:00:00+00:00 [queued]>
[2025-01-07T13:14:12.088+0000] {taskinstance.py:2076} INFO - Dependencies all met for dep_context=requeueable deps ti=<TaskInstance: first_dag_execution_date.even_only scheduled__2025-01-04T00:00:00+00:00 [queued]>
[2025-01-07T13:14:12.089+0000] {taskinstance.py:2306} INFO - Starting attempt 1 of 1
[2025-01-07T13:14:12.115+0000] {taskinstance.py:2330} INFO - Executing <Task(PythonOperator): even_only> on 2025-01-04 00:00:00+00:00
[2025-01-07T13:14:12.123+0000] {warnings.py:112} WARNING - /home/***/.local/lib/python3.12/site-packages/***/task/task_runner/standard_task_runner.py:61: DeprecationWarning: This process (pid=1554) is multi-threaded, use of fork() may lead to deadlocks in the child.
  pid = os.fork()

[2025-01-07T13:14:12.125+0000] {standard_task_runner.py:63} INFO - Started process 1560 to run task
[2025-01-07T13:14:12.126+0000] {standard_task_runner.py:90} INFO - Running: ['***', 'tasks', 'run', 'first_dag_execution_date', 'even_only', 'scheduled__2025-01-04T00:00:00+00:00', '--job-id', '67', '--raw', '--subdir', 'DAGS_FOLDER/first_dag_execution_date.py', '--cfg-path', '/tmp/tmpcsa0zn0o']
[2025-01-07T13:14:12.127+0000] {standard_task_runner.py:91} INFO - Job 67: Subtask even_only
[2025-01-07T13:14:12.193+0000] {task_command.py:426} INFO - Running <TaskInstance: first_dag_execution_date.even_only scheduled__2025-01-04T00:00:00+00:00 [running]> on host 006c1e931b5c
[2025-01-07T13:14:12.329+0000] {taskinstance.py:2648} INFO - Exporting env vars: AIRFLOW_CTX_DAG_OWNER='***' AIRFLOW_CTX_DAG_ID='first_dag_execution_date' AIRFLOW_CTX_TASK_ID='even_only' AIRFLOW_CTX_EXECUTION_DATE='2025-01-04T00:00:00+00:00' AIRFLOW_CTX_TRY_NUMBER='1' AIRFLOW_CTX_DAG_RUN_ID='scheduled__2025-01-04T00:00:00+00:00'
[2025-01-07T13:14:12.331+0000] {taskinstance.py:430} INFO - ::endgroup::
[2025-01-07T13:14:12.352+0000] {warnings.py:112} WARNING - /home/***/.local/lib/python3.12/site-packages/***/utils/context.py:212: AirflowContextDeprecationWarning: Accessing 'execution_date' from the template is deprecated and will be removed in a future version. Please use 'data_interval_start' or 'logical_date' instead.
  warnings.warn(_create_deprecation_warning(key, self._deprecation_replacements[key]))

[2025-01-07T13:14:12.353+0000] {python.py:237} INFO - Done. Returned value was: None
[2025-01-07T13:14:12.355+0000] {taskinstance.py:441} INFO - ::group::Post task execution logs
[2025-01-07T13:14:12.367+0000] {taskinstance.py:1206} INFO - Marking task as SUCCESS. dag_id=first_dag_execution_date, task_id=even_only, run_id=scheduled__2025-01-04T00:00:00+00:00, execution_date=20250104T000000, start_date=20250107T131412, end_date=20250107T131412
[2025-01-07T13:14:12.421+0000] {local_task_job_runner.py:240} INFO - Task exited with return code 0
[2025-01-07T13:14:12.440+0000] {taskinstance.py:3503} INFO - 0 downstream tasks scheduled from follow-on schedule check
[2025-01-07T13:14:12.443+0000] {local_task_job_runner.py:222} INFO - ::endgroup::
