[2025-01-07T13:14:09.713+0000] {local_task_job_runner.py:120} INFO - ::group::Pre task execution logs
[2025-01-07T13:14:09.774+0000] {taskinstance.py:2076} INFO - Dependencies all met for dep_context=non-requeueable deps ti=<TaskInstance: first_dag_execution_date.even_only scheduled__2024-12-30T00:00:00+00:00 [queued]>
[2025-01-07T13:14:09.793+0000] {taskinstance.py:2076} INFO - Dependencies all met for dep_context=requeueable deps ti=<TaskInstance: first_dag_execution_date.even_only scheduled__2024-12-30T00:00:00+00:00 [queued]>
[2025-01-07T13:14:09.794+0000] {taskinstance.py:2306} INFO - Starting attempt 1 of 1
[2025-01-07T13:14:09.829+0000] {taskinstance.py:2330} INFO - Executing <Task(PythonOperator): even_only> on 2024-12-30 00:00:00+00:00
[2025-01-07T13:14:09.840+0000] {warnings.py:112} WARNING - /home/***/.local/lib/python3.12/site-packages/***/task/task_runner/standard_task_runner.py:61: DeprecationWarning: This process (pid=1542) is multi-threaded, use of fork() may lead to deadlocks in the child.
  pid = os.fork()

[2025-01-07T13:14:09.843+0000] {standard_task_runner.py:63} INFO - Started process 1547 to run task
[2025-01-07T13:14:09.844+0000] {standard_task_runner.py:90} INFO - Running: ['***', 'tasks', 'run', 'first_dag_execution_date', 'even_only', 'scheduled__2024-12-30T00:00:00+00:00', '--job-id', '60', '--raw', '--subdir', 'DAGS_FOLDER/first_dag_execution_date.py', '--cfg-path', '/tmp/tmphdkq9jkh']
[2025-01-07T13:14:09.846+0000] {standard_task_runner.py:91} INFO - Job 60: Subtask even_only
[2025-01-07T13:14:09.930+0000] {task_command.py:426} INFO - Running <TaskInstance: first_dag_execution_date.even_only scheduled__2024-12-30T00:00:00+00:00 [running]> on host 006c1e931b5c
[2025-01-07T13:14:10.121+0000] {taskinstance.py:2648} INFO - Exporting env vars: AIRFLOW_CTX_DAG_OWNER='***' AIRFLOW_CTX_DAG_ID='first_dag_execution_date' AIRFLOW_CTX_TASK_ID='even_only' AIRFLOW_CTX_EXECUTION_DATE='2024-12-30T00:00:00+00:00' AIRFLOW_CTX_TRY_NUMBER='1' AIRFLOW_CTX_DAG_RUN_ID='scheduled__2024-12-30T00:00:00+00:00'
[2025-01-07T13:14:10.123+0000] {taskinstance.py:430} INFO - ::endgroup::
[2025-01-07T13:14:10.153+0000] {warnings.py:112} WARNING - /home/***/.local/lib/python3.12/site-packages/***/utils/context.py:212: AirflowContextDeprecationWarning: Accessing 'execution_date' from the template is deprecated and will be removed in a future version. Please use 'data_interval_start' or 'logical_date' instead.
  warnings.warn(_create_deprecation_warning(key, self._deprecation_replacements[key]))

[2025-01-07T13:14:10.155+0000] {python.py:237} INFO - Done. Returned value was: None
[2025-01-07T13:14:10.158+0000] {taskinstance.py:441} INFO - ::group::Post task execution logs
[2025-01-07T13:14:10.175+0000] {taskinstance.py:1206} INFO - Marking task as SUCCESS. dag_id=first_dag_execution_date, task_id=even_only, run_id=scheduled__2024-12-30T00:00:00+00:00, execution_date=20241230T000000, start_date=20250107T131409, end_date=20250107T131410
[2025-01-07T13:14:10.258+0000] {local_task_job_runner.py:240} INFO - Task exited with return code 0
[2025-01-07T13:14:10.288+0000] {taskinstance.py:3503} INFO - 0 downstream tasks scheduled from follow-on schedule check
[2025-01-07T13:14:10.293+0000] {local_task_job_runner.py:222} INFO - ::endgroup::
