[2025-01-07T13:14:11.651+0000] {local_task_job_runner.py:120} INFO - ::group::Pre task execution logs
[2025-01-07T13:14:11.689+0000] {taskinstance.py:2076} INFO - Dependencies all met for dep_context=non-requeueable deps ti=<TaskInstance: first_dag_execution_date.even_only scheduled__2025-01-02T00:00:00+00:00 [queued]>
[2025-01-07T13:14:11.703+0000] {taskinstance.py:2076} INFO - Dependencies all met for dep_context=requeueable deps ti=<TaskInstance: first_dag_execution_date.even_only scheduled__2025-01-02T00:00:00+00:00 [queued]>
[2025-01-07T13:14:11.705+0000] {taskinstance.py:2306} INFO - Starting attempt 1 of 1
[2025-01-07T13:14:11.765+0000] {taskinstance.py:2330} INFO - Executing <Task(PythonOperator): even_only> on 2025-01-02 00:00:00+00:00
[2025-01-07T13:14:11.774+0000] {warnings.py:112} WARNING - /home/***/.local/lib/python3.12/site-packages/***/task/task_runner/standard_task_runner.py:61: DeprecationWarning: This process (pid=1552) is multi-threaded, use of fork() may lead to deadlocks in the child.
  pid = os.fork()

[2025-01-07T13:14:11.776+0000] {standard_task_runner.py:63} INFO - Started process 1557 to run task
[2025-01-07T13:14:11.775+0000] {standard_task_runner.py:90} INFO - Running: ['***', 'tasks', 'run', 'first_dag_execution_date', 'even_only', 'scheduled__2025-01-02T00:00:00+00:00', '--job-id', '65', '--raw', '--subdir', 'DAGS_FOLDER/first_dag_execution_date.py', '--cfg-path', '/tmp/tmp9ge7m58z']
[2025-01-07T13:14:11.778+0000] {standard_task_runner.py:91} INFO - Job 65: Subtask even_only
[2025-01-07T13:14:11.854+0000] {task_command.py:426} INFO - Running <TaskInstance: first_dag_execution_date.even_only scheduled__2025-01-02T00:00:00+00:00 [running]> on host 006c1e931b5c
[2025-01-07T13:14:12.001+0000] {taskinstance.py:2648} INFO - Exporting env vars: AIRFLOW_CTX_DAG_OWNER='***' AIRFLOW_CTX_DAG_ID='first_dag_execution_date' AIRFLOW_CTX_TASK_ID='even_only' AIRFLOW_CTX_EXECUTION_DATE='2025-01-02T00:00:00+00:00' AIRFLOW_CTX_TRY_NUMBER='1' AIRFLOW_CTX_DAG_RUN_ID='scheduled__2025-01-02T00:00:00+00:00'
[2025-01-07T13:14:12.002+0000] {taskinstance.py:430} INFO - ::endgroup::
[2025-01-07T13:14:12.023+0000] {warnings.py:112} WARNING - /home/***/.local/lib/python3.12/site-packages/***/utils/context.py:212: AirflowContextDeprecationWarning: Accessing 'execution_date' from the template is deprecated and will be removed in a future version. Please use 'data_interval_start' or 'logical_date' instead.
  warnings.warn(_create_deprecation_warning(key, self._deprecation_replacements[key]))

[2025-01-07T13:14:12.024+0000] {python.py:237} INFO - Done. Returned value was: None
[2025-01-07T13:14:12.026+0000] {taskinstance.py:441} INFO - ::group::Post task execution logs
[2025-01-07T13:14:12.044+0000] {taskinstance.py:1206} INFO - Marking task as SUCCESS. dag_id=first_dag_execution_date, task_id=even_only, run_id=scheduled__2025-01-02T00:00:00+00:00, execution_date=20250102T000000, start_date=20250107T131411, end_date=20250107T131412
[2025-01-07T13:14:12.112+0000] {local_task_job_runner.py:240} INFO - Task exited with return code 0
[2025-01-07T13:14:12.134+0000] {taskinstance.py:3503} INFO - 0 downstream tasks scheduled from follow-on schedule check
[2025-01-07T13:14:12.137+0000] {local_task_job_runner.py:222} INFO - ::endgroup::
