[2025-01-07T13:18:28.824+0000] {processor.py:161} INFO - Started process (PID=1616) to work on /opt/airflow/dags/first_dag.py
[2025-01-07T13:18:28.826+0000] {processor.py:830} INFO - Processing file /opt/airflow/dags/first_dag.py for tasks to queue
[2025-01-07T13:18:28.828+0000] {logging_mixin.py:188} INFO - [2025-01-07T13:18:28.827+0000] {dagbag.py:545} INFO - Filling up the DagBag from /opt/airflow/dags/first_dag.py
[2025-01-07T13:18:28.869+0000] {processor.py:840} INFO - DAG(s) 'first_dag' retrieved from /opt/airflow/dags/first_dag.py
[2025-01-07T13:18:29.017+0000] {logging_mixin.py:188} INFO - [2025-01-07T13:18:29.017+0000] {dag.py:3096} INFO - Sync 1 DAGs
[2025-01-07T13:18:29.043+0000] {logging_mixin.py:188} INFO - [2025-01-07T13:18:29.043+0000] {dag.py:3954} INFO - Setting next_dagrun for first_dag to 2025-01-07 00:00:00+00:00, run_after=2025-01-08 00:00:00+00:00
[2025-01-07T13:18:29.075+0000] {processor.py:183} INFO - Processing /opt/airflow/dags/first_dag.py took 0.258 seconds
[2025-01-07T13:18:59.153+0000] {processor.py:161} INFO - Started process (PID=1624) to work on /opt/airflow/dags/first_dag.py
[2025-01-07T13:18:59.154+0000] {processor.py:830} INFO - Processing file /opt/airflow/dags/first_dag.py for tasks to queue
[2025-01-07T13:18:59.155+0000] {logging_mixin.py:188} INFO - [2025-01-07T13:18:59.155+0000] {dagbag.py:545} INFO - Filling up the DagBag from /opt/airflow/dags/first_dag.py
[2025-01-07T13:18:59.182+0000] {processor.py:840} INFO - DAG(s) 'first_dag' retrieved from /opt/airflow/dags/first_dag.py
[2025-01-07T13:18:59.214+0000] {logging_mixin.py:188} INFO - [2025-01-07T13:18:59.213+0000] {dag.py:3096} INFO - Sync 1 DAGs
[2025-01-07T13:18:59.240+0000] {logging_mixin.py:188} INFO - [2025-01-07T13:18:59.240+0000] {dag.py:3954} INFO - Setting next_dagrun for first_dag to 2025-01-07 00:00:00+00:00, run_after=2025-01-08 00:00:00+00:00
[2025-01-07T13:18:59.265+0000] {processor.py:183} INFO - Processing /opt/airflow/dags/first_dag.py took 0.119 seconds
[2025-01-07T13:19:29.499+0000] {processor.py:161} INFO - Started process (PID=1632) to work on /opt/airflow/dags/first_dag.py
[2025-01-07T13:19:29.500+0000] {processor.py:830} INFO - Processing file /opt/airflow/dags/first_dag.py for tasks to queue
[2025-01-07T13:19:29.501+0000] {logging_mixin.py:188} INFO - [2025-01-07T13:19:29.501+0000] {dagbag.py:545} INFO - Filling up the DagBag from /opt/airflow/dags/first_dag.py
[2025-01-07T13:19:29.527+0000] {processor.py:840} INFO - DAG(s) 'first_dag' retrieved from /opt/airflow/dags/first_dag.py
[2025-01-07T13:19:29.560+0000] {logging_mixin.py:188} INFO - [2025-01-07T13:19:29.560+0000] {dag.py:3096} INFO - Sync 1 DAGs
[2025-01-07T13:19:29.589+0000] {logging_mixin.py:188} INFO - [2025-01-07T13:19:29.589+0000] {dag.py:3954} INFO - Setting next_dagrun for first_dag to 2025-01-07 00:00:00+00:00, run_after=2025-01-08 00:00:00+00:00
[2025-01-07T13:19:29.615+0000] {processor.py:183} INFO - Processing /opt/airflow/dags/first_dag.py took 0.123 seconds
[2025-01-07T13:19:59.842+0000] {processor.py:161} INFO - Started process (PID=1640) to work on /opt/airflow/dags/first_dag.py
[2025-01-07T13:19:59.842+0000] {processor.py:830} INFO - Processing file /opt/airflow/dags/first_dag.py for tasks to queue
[2025-01-07T13:19:59.844+0000] {logging_mixin.py:188} INFO - [2025-01-07T13:19:59.843+0000] {dagbag.py:545} INFO - Filling up the DagBag from /opt/airflow/dags/first_dag.py
[2025-01-07T13:19:59.872+0000] {processor.py:840} INFO - DAG(s) 'first_dag' retrieved from /opt/airflow/dags/first_dag.py
[2025-01-07T13:19:59.903+0000] {logging_mixin.py:188} INFO - [2025-01-07T13:19:59.903+0000] {dag.py:3096} INFO - Sync 1 DAGs
[2025-01-07T13:19:59.932+0000] {logging_mixin.py:188} INFO - [2025-01-07T13:19:59.931+0000] {dag.py:3954} INFO - Setting next_dagrun for first_dag to 2025-01-07 00:00:00+00:00, run_after=2025-01-08 00:00:00+00:00
[2025-01-07T13:19:59.956+0000] {processor.py:183} INFO - Processing /opt/airflow/dags/first_dag.py took 0.121 seconds
[2025-01-07T13:20:30.190+0000] {processor.py:161} INFO - Started process (PID=1648) to work on /opt/airflow/dags/first_dag.py
[2025-01-07T13:20:30.192+0000] {processor.py:830} INFO - Processing file /opt/airflow/dags/first_dag.py for tasks to queue
[2025-01-07T13:20:30.194+0000] {logging_mixin.py:188} INFO - [2025-01-07T13:20:30.193+0000] {dagbag.py:545} INFO - Filling up the DagBag from /opt/airflow/dags/first_dag.py
[2025-01-07T13:20:30.221+0000] {processor.py:840} INFO - DAG(s) 'first_dag' retrieved from /opt/airflow/dags/first_dag.py
[2025-01-07T13:20:30.254+0000] {logging_mixin.py:188} INFO - [2025-01-07T13:20:30.254+0000] {dag.py:3096} INFO - Sync 1 DAGs
[2025-01-07T13:20:30.285+0000] {logging_mixin.py:188} INFO - [2025-01-07T13:20:30.285+0000] {dag.py:3954} INFO - Setting next_dagrun for first_dag to 2025-01-07 00:00:00+00:00, run_after=2025-01-08 00:00:00+00:00
[2025-01-07T13:20:30.310+0000] {processor.py:183} INFO - Processing /opt/airflow/dags/first_dag.py took 0.126 seconds
[2025-01-07T13:21:00.537+0000] {processor.py:161} INFO - Started process (PID=1656) to work on /opt/airflow/dags/first_dag.py
[2025-01-07T13:21:00.538+0000] {processor.py:830} INFO - Processing file /opt/airflow/dags/first_dag.py for tasks to queue
[2025-01-07T13:21:00.539+0000] {logging_mixin.py:188} INFO - [2025-01-07T13:21:00.539+0000] {dagbag.py:545} INFO - Filling up the DagBag from /opt/airflow/dags/first_dag.py
[2025-01-07T13:21:00.565+0000] {processor.py:840} INFO - DAG(s) 'first_dag' retrieved from /opt/airflow/dags/first_dag.py
[2025-01-07T13:21:00.594+0000] {logging_mixin.py:188} INFO - [2025-01-07T13:21:00.594+0000] {dag.py:3096} INFO - Sync 1 DAGs
[2025-01-07T13:21:00.621+0000] {logging_mixin.py:188} INFO - [2025-01-07T13:21:00.621+0000] {dag.py:3954} INFO - Setting next_dagrun for first_dag to 2025-01-07 00:00:00+00:00, run_after=2025-01-08 00:00:00+00:00
[2025-01-07T13:21:00.646+0000] {processor.py:183} INFO - Processing /opt/airflow/dags/first_dag.py took 0.114 seconds
[2025-01-07T13:21:30.874+0000] {processor.py:161} INFO - Started process (PID=1664) to work on /opt/airflow/dags/first_dag.py
[2025-01-07T13:21:30.875+0000] {processor.py:830} INFO - Processing file /opt/airflow/dags/first_dag.py for tasks to queue
[2025-01-07T13:21:30.876+0000] {logging_mixin.py:188} INFO - [2025-01-07T13:21:30.876+0000] {dagbag.py:545} INFO - Filling up the DagBag from /opt/airflow/dags/first_dag.py
[2025-01-07T13:21:30.900+0000] {processor.py:840} INFO - DAG(s) 'first_dag' retrieved from /opt/airflow/dags/first_dag.py
[2025-01-07T13:21:30.934+0000] {logging_mixin.py:188} INFO - [2025-01-07T13:21:30.934+0000] {dag.py:3096} INFO - Sync 1 DAGs
[2025-01-07T13:21:30.962+0000] {logging_mixin.py:188} INFO - [2025-01-07T13:21:30.961+0000] {dag.py:3954} INFO - Setting next_dagrun for first_dag to 2025-01-07 00:00:00+00:00, run_after=2025-01-08 00:00:00+00:00
[2025-01-07T13:21:30.987+0000] {processor.py:183} INFO - Processing /opt/airflow/dags/first_dag.py took 0.119 seconds
[2025-01-07T13:22:01.215+0000] {processor.py:161} INFO - Started process (PID=1672) to work on /opt/airflow/dags/first_dag.py
[2025-01-07T13:22:01.216+0000] {processor.py:830} INFO - Processing file /opt/airflow/dags/first_dag.py for tasks to queue
[2025-01-07T13:22:01.218+0000] {logging_mixin.py:188} INFO - [2025-01-07T13:22:01.217+0000] {dagbag.py:545} INFO - Filling up the DagBag from /opt/airflow/dags/first_dag.py
[2025-01-07T13:22:01.247+0000] {processor.py:840} INFO - DAG(s) 'first_dag' retrieved from /opt/airflow/dags/first_dag.py
[2025-01-07T13:22:01.280+0000] {logging_mixin.py:188} INFO - [2025-01-07T13:22:01.280+0000] {dag.py:3096} INFO - Sync 1 DAGs
[2025-01-07T13:22:01.307+0000] {logging_mixin.py:188} INFO - [2025-01-07T13:22:01.307+0000] {dag.py:3954} INFO - Setting next_dagrun for first_dag to 2025-01-07 00:00:00+00:00, run_after=2025-01-08 00:00:00+00:00
[2025-01-07T13:22:01.334+0000] {processor.py:183} INFO - Processing /opt/airflow/dags/first_dag.py took 0.124 seconds
[2025-01-07T13:22:31.572+0000] {processor.py:161} INFO - Started process (PID=1680) to work on /opt/airflow/dags/first_dag.py
[2025-01-07T13:22:31.573+0000] {processor.py:830} INFO - Processing file /opt/airflow/dags/first_dag.py for tasks to queue
[2025-01-07T13:22:31.575+0000] {logging_mixin.py:188} INFO - [2025-01-07T13:22:31.574+0000] {dagbag.py:545} INFO - Filling up the DagBag from /opt/airflow/dags/first_dag.py
[2025-01-07T13:22:31.600+0000] {processor.py:840} INFO - DAG(s) 'first_dag' retrieved from /opt/airflow/dags/first_dag.py
[2025-01-07T13:22:31.630+0000] {logging_mixin.py:188} INFO - [2025-01-07T13:22:31.630+0000] {dag.py:3096} INFO - Sync 1 DAGs
[2025-01-07T13:22:31.657+0000] {logging_mixin.py:188} INFO - [2025-01-07T13:22:31.656+0000] {dag.py:3954} INFO - Setting next_dagrun for first_dag to 2025-01-07 00:00:00+00:00, run_after=2025-01-08 00:00:00+00:00
[2025-01-07T13:22:31.785+0000] {processor.py:183} INFO - Processing /opt/airflow/dags/first_dag.py took 0.219 seconds
[2025-01-07T13:23:01.923+0000] {processor.py:161} INFO - Started process (PID=1688) to work on /opt/airflow/dags/first_dag.py
[2025-01-07T13:23:01.924+0000] {processor.py:830} INFO - Processing file /opt/airflow/dags/first_dag.py for tasks to queue
[2025-01-07T13:23:01.925+0000] {logging_mixin.py:188} INFO - [2025-01-07T13:23:01.925+0000] {dagbag.py:545} INFO - Filling up the DagBag from /opt/airflow/dags/first_dag.py
[2025-01-07T13:23:01.955+0000] {processor.py:840} INFO - DAG(s) 'first_dag' retrieved from /opt/airflow/dags/first_dag.py
[2025-01-07T13:23:01.990+0000] {logging_mixin.py:188} INFO - [2025-01-07T13:23:01.989+0000] {dag.py:3096} INFO - Sync 1 DAGs
[2025-01-07T13:23:02.016+0000] {logging_mixin.py:188} INFO - [2025-01-07T13:23:02.016+0000] {dag.py:3954} INFO - Setting next_dagrun for first_dag to 2025-01-07 00:00:00+00:00, run_after=2025-01-08 00:00:00+00:00
[2025-01-07T13:23:02.047+0000] {processor.py:183} INFO - Processing /opt/airflow/dags/first_dag.py took 0.142 seconds
[2025-01-07T13:23:32.175+0000] {processor.py:161} INFO - Started process (PID=1702) to work on /opt/airflow/dags/first_dag.py
[2025-01-07T13:23:32.176+0000] {processor.py:830} INFO - Processing file /opt/airflow/dags/first_dag.py for tasks to queue
[2025-01-07T13:23:32.177+0000] {logging_mixin.py:188} INFO - [2025-01-07T13:23:32.177+0000] {dagbag.py:545} INFO - Filling up the DagBag from /opt/airflow/dags/first_dag.py
[2025-01-07T13:23:32.201+0000] {processor.py:840} INFO - DAG(s) 'first_dag' retrieved from /opt/airflow/dags/first_dag.py
[2025-01-07T13:23:32.230+0000] {logging_mixin.py:188} INFO - [2025-01-07T13:23:32.230+0000] {dag.py:3096} INFO - Sync 1 DAGs
[2025-01-07T13:23:32.257+0000] {logging_mixin.py:188} INFO - [2025-01-07T13:23:32.257+0000] {dag.py:3954} INFO - Setting next_dagrun for first_dag to 2025-01-07 00:00:00+00:00, run_after=2025-01-08 00:00:00+00:00
[2025-01-07T13:23:32.280+0000] {processor.py:183} INFO - Processing /opt/airflow/dags/first_dag.py took 0.110 seconds
[2025-01-07T13:24:02.496+0000] {processor.py:161} INFO - Started process (PID=1710) to work on /opt/airflow/dags/first_dag.py
[2025-01-07T13:24:02.497+0000] {processor.py:830} INFO - Processing file /opt/airflow/dags/first_dag.py for tasks to queue
[2025-01-07T13:24:02.499+0000] {logging_mixin.py:188} INFO - [2025-01-07T13:24:02.499+0000] {dagbag.py:545} INFO - Filling up the DagBag from /opt/airflow/dags/first_dag.py
[2025-01-07T13:24:02.523+0000] {processor.py:840} INFO - DAG(s) 'first_dag' retrieved from /opt/airflow/dags/first_dag.py
[2025-01-07T13:24:02.562+0000] {logging_mixin.py:188} INFO - [2025-01-07T13:24:02.561+0000] {dag.py:3096} INFO - Sync 1 DAGs
[2025-01-07T13:24:02.593+0000] {logging_mixin.py:188} INFO - [2025-01-07T13:24:02.593+0000] {dag.py:3954} INFO - Setting next_dagrun for first_dag to 2025-01-07 00:00:00+00:00, run_after=2025-01-08 00:00:00+00:00
[2025-01-07T13:24:02.619+0000] {processor.py:183} INFO - Processing /opt/airflow/dags/first_dag.py took 0.129 seconds
[2025-01-07T13:24:32.848+0000] {processor.py:161} INFO - Started process (PID=1718) to work on /opt/airflow/dags/first_dag.py
[2025-01-07T13:24:32.849+0000] {processor.py:830} INFO - Processing file /opt/airflow/dags/first_dag.py for tasks to queue
[2025-01-07T13:24:32.850+0000] {logging_mixin.py:188} INFO - [2025-01-07T13:24:32.850+0000] {dagbag.py:545} INFO - Filling up the DagBag from /opt/airflow/dags/first_dag.py
[2025-01-07T13:24:32.874+0000] {processor.py:840} INFO - DAG(s) 'first_dag' retrieved from /opt/airflow/dags/first_dag.py
[2025-01-07T13:24:32.904+0000] {logging_mixin.py:188} INFO - [2025-01-07T13:24:32.904+0000] {dag.py:3096} INFO - Sync 1 DAGs
[2025-01-07T13:24:32.930+0000] {logging_mixin.py:188} INFO - [2025-01-07T13:24:32.930+0000] {dag.py:3954} INFO - Setting next_dagrun for first_dag to 2025-01-07 00:00:00+00:00, run_after=2025-01-08 00:00:00+00:00
[2025-01-07T13:24:32.953+0000] {processor.py:183} INFO - Processing /opt/airflow/dags/first_dag.py took 0.111 seconds
[2025-01-07T13:25:03.172+0000] {processor.py:161} INFO - Started process (PID=1727) to work on /opt/airflow/dags/first_dag.py
[2025-01-07T13:25:03.173+0000] {processor.py:830} INFO - Processing file /opt/airflow/dags/first_dag.py for tasks to queue
[2025-01-07T13:25:03.174+0000] {logging_mixin.py:188} INFO - [2025-01-07T13:25:03.174+0000] {dagbag.py:545} INFO - Filling up the DagBag from /opt/airflow/dags/first_dag.py
[2025-01-07T13:25:03.199+0000] {processor.py:840} INFO - DAG(s) 'first_dag' retrieved from /opt/airflow/dags/first_dag.py
[2025-01-07T13:25:03.231+0000] {logging_mixin.py:188} INFO - [2025-01-07T13:25:03.230+0000] {dag.py:3096} INFO - Sync 1 DAGs
[2025-01-07T13:25:03.260+0000] {logging_mixin.py:188} INFO - [2025-01-07T13:25:03.260+0000] {dag.py:3954} INFO - Setting next_dagrun for first_dag to 2025-01-07 00:00:00+00:00, run_after=2025-01-08 00:00:00+00:00
[2025-01-07T13:25:03.285+0000] {processor.py:183} INFO - Processing /opt/airflow/dags/first_dag.py took 0.119 seconds
[2025-01-07T13:25:33.504+0000] {processor.py:161} INFO - Started process (PID=1735) to work on /opt/airflow/dags/first_dag.py
[2025-01-07T13:25:33.505+0000] {processor.py:830} INFO - Processing file /opt/airflow/dags/first_dag.py for tasks to queue
[2025-01-07T13:25:33.506+0000] {logging_mixin.py:188} INFO - [2025-01-07T13:25:33.506+0000] {dagbag.py:545} INFO - Filling up the DagBag from /opt/airflow/dags/first_dag.py
[2025-01-07T13:25:33.532+0000] {processor.py:840} INFO - DAG(s) 'first_dag' retrieved from /opt/airflow/dags/first_dag.py
[2025-01-07T13:25:33.562+0000] {logging_mixin.py:188} INFO - [2025-01-07T13:25:33.562+0000] {dag.py:3096} INFO - Sync 1 DAGs
[2025-01-07T13:25:33.589+0000] {logging_mixin.py:188} INFO - [2025-01-07T13:25:33.589+0000] {dag.py:3954} INFO - Setting next_dagrun for first_dag to 2025-01-07 00:00:00+00:00, run_after=2025-01-08 00:00:00+00:00
[2025-01-07T13:25:33.614+0000] {processor.py:183} INFO - Processing /opt/airflow/dags/first_dag.py took 0.115 seconds
[2025-01-07T13:26:03.835+0000] {processor.py:161} INFO - Started process (PID=1743) to work on /opt/airflow/dags/first_dag.py
[2025-01-07T13:26:03.836+0000] {processor.py:830} INFO - Processing file /opt/airflow/dags/first_dag.py for tasks to queue
[2025-01-07T13:26:03.837+0000] {logging_mixin.py:188} INFO - [2025-01-07T13:26:03.836+0000] {dagbag.py:545} INFO - Filling up the DagBag from /opt/airflow/dags/first_dag.py
[2025-01-07T13:26:03.862+0000] {processor.py:840} INFO - DAG(s) 'first_dag' retrieved from /opt/airflow/dags/first_dag.py
[2025-01-07T13:26:03.895+0000] {logging_mixin.py:188} INFO - [2025-01-07T13:26:03.895+0000] {dag.py:3096} INFO - Sync 1 DAGs
[2025-01-07T13:26:03.925+0000] {logging_mixin.py:188} INFO - [2025-01-07T13:26:03.925+0000] {dag.py:3954} INFO - Setting next_dagrun for first_dag to 2025-01-07 00:00:00+00:00, run_after=2025-01-08 00:00:00+00:00
[2025-01-07T13:26:03.955+0000] {processor.py:183} INFO - Processing /opt/airflow/dags/first_dag.py took 0.126 seconds
[2025-01-07T13:26:34.188+0000] {processor.py:161} INFO - Started process (PID=1751) to work on /opt/airflow/dags/first_dag.py
[2025-01-07T13:26:34.189+0000] {processor.py:830} INFO - Processing file /opt/airflow/dags/first_dag.py for tasks to queue
[2025-01-07T13:26:34.190+0000] {logging_mixin.py:188} INFO - [2025-01-07T13:26:34.190+0000] {dagbag.py:545} INFO - Filling up the DagBag from /opt/airflow/dags/first_dag.py
[2025-01-07T13:26:34.219+0000] {processor.py:840} INFO - DAG(s) 'first_dag' retrieved from /opt/airflow/dags/first_dag.py
[2025-01-07T13:26:34.252+0000] {logging_mixin.py:188} INFO - [2025-01-07T13:26:34.252+0000] {dag.py:3096} INFO - Sync 1 DAGs
[2025-01-07T13:26:34.284+0000] {logging_mixin.py:188} INFO - [2025-01-07T13:26:34.283+0000] {dag.py:3954} INFO - Setting next_dagrun for first_dag to 2025-01-07 00:00:00+00:00, run_after=2025-01-08 00:00:00+00:00
[2025-01-07T13:26:34.310+0000] {processor.py:183} INFO - Processing /opt/airflow/dags/first_dag.py took 0.129 seconds
[2025-01-07T13:27:04.554+0000] {processor.py:161} INFO - Started process (PID=1759) to work on /opt/airflow/dags/first_dag.py
[2025-01-07T13:27:04.556+0000] {processor.py:830} INFO - Processing file /opt/airflow/dags/first_dag.py for tasks to queue
[2025-01-07T13:27:04.558+0000] {logging_mixin.py:188} INFO - [2025-01-07T13:27:04.557+0000] {dagbag.py:545} INFO - Filling up the DagBag from /opt/airflow/dags/first_dag.py
[2025-01-07T13:27:04.581+0000] {processor.py:840} INFO - DAG(s) 'first_dag' retrieved from /opt/airflow/dags/first_dag.py
[2025-01-07T13:27:04.613+0000] {logging_mixin.py:188} INFO - [2025-01-07T13:27:04.613+0000] {dag.py:3096} INFO - Sync 1 DAGs
[2025-01-07T13:27:04.642+0000] {logging_mixin.py:188} INFO - [2025-01-07T13:27:04.642+0000] {dag.py:3954} INFO - Setting next_dagrun for first_dag to 2025-01-07 00:00:00+00:00, run_after=2025-01-08 00:00:00+00:00
[2025-01-07T13:27:04.666+0000] {processor.py:183} INFO - Processing /opt/airflow/dags/first_dag.py took 0.119 seconds
[2025-01-07T13:27:34.905+0000] {processor.py:161} INFO - Started process (PID=1767) to work on /opt/airflow/dags/first_dag.py
[2025-01-07T13:27:34.906+0000] {processor.py:830} INFO - Processing file /opt/airflow/dags/first_dag.py for tasks to queue
[2025-01-07T13:27:34.907+0000] {logging_mixin.py:188} INFO - [2025-01-07T13:27:34.907+0000] {dagbag.py:545} INFO - Filling up the DagBag from /opt/airflow/dags/first_dag.py
[2025-01-07T13:27:34.934+0000] {processor.py:840} INFO - DAG(s) 'first_dag' retrieved from /opt/airflow/dags/first_dag.py
[2025-01-07T13:27:34.966+0000] {logging_mixin.py:188} INFO - [2025-01-07T13:27:34.965+0000] {dag.py:3096} INFO - Sync 1 DAGs
[2025-01-07T13:27:34.994+0000] {logging_mixin.py:188} INFO - [2025-01-07T13:27:34.994+0000] {dag.py:3954} INFO - Setting next_dagrun for first_dag to 2025-01-07 00:00:00+00:00, run_after=2025-01-08 00:00:00+00:00
[2025-01-07T13:27:35.020+0000] {processor.py:183} INFO - Processing /opt/airflow/dags/first_dag.py took 0.122 seconds
[2025-01-07T13:28:05.250+0000] {processor.py:161} INFO - Started process (PID=1775) to work on /opt/airflow/dags/first_dag.py
[2025-01-07T13:28:05.251+0000] {processor.py:830} INFO - Processing file /opt/airflow/dags/first_dag.py for tasks to queue
[2025-01-07T13:28:05.252+0000] {logging_mixin.py:188} INFO - [2025-01-07T13:28:05.252+0000] {dagbag.py:545} INFO - Filling up the DagBag from /opt/airflow/dags/first_dag.py
[2025-01-07T13:28:05.281+0000] {processor.py:840} INFO - DAG(s) 'first_dag' retrieved from /opt/airflow/dags/first_dag.py
[2025-01-07T13:28:05.314+0000] {logging_mixin.py:188} INFO - [2025-01-07T13:28:05.313+0000] {dag.py:3096} INFO - Sync 1 DAGs
[2025-01-07T13:28:05.353+0000] {logging_mixin.py:188} INFO - [2025-01-07T13:28:05.352+0000] {dag.py:3954} INFO - Setting next_dagrun for first_dag to 2025-01-07 00:00:00+00:00, run_after=2025-01-08 00:00:00+00:00
[2025-01-07T13:28:05.381+0000] {processor.py:183} INFO - Processing /opt/airflow/dags/first_dag.py took 0.138 seconds
[2025-01-07T13:28:35.669+0000] {processor.py:161} INFO - Started process (PID=1783) to work on /opt/airflow/dags/first_dag.py
[2025-01-07T13:28:35.670+0000] {processor.py:830} INFO - Processing file /opt/airflow/dags/first_dag.py for tasks to queue
[2025-01-07T13:28:35.671+0000] {logging_mixin.py:188} INFO - [2025-01-07T13:28:35.671+0000] {dagbag.py:545} INFO - Filling up the DagBag from /opt/airflow/dags/first_dag.py
[2025-01-07T13:28:35.698+0000] {processor.py:840} INFO - DAG(s) 'first_dag' retrieved from /opt/airflow/dags/first_dag.py
[2025-01-07T13:28:35.733+0000] {logging_mixin.py:188} INFO - [2025-01-07T13:28:35.733+0000] {dag.py:3096} INFO - Sync 1 DAGs
[2025-01-07T13:28:35.769+0000] {logging_mixin.py:188} INFO - [2025-01-07T13:28:35.769+0000] {dag.py:3954} INFO - Setting next_dagrun for first_dag to 2025-01-07 00:00:00+00:00, run_after=2025-01-08 00:00:00+00:00
[2025-01-07T13:28:35.802+0000] {processor.py:183} INFO - Processing /opt/airflow/dags/first_dag.py took 0.138 seconds
[2025-01-07T13:29:05.876+0000] {processor.py:161} INFO - Started process (PID=1792) to work on /opt/airflow/dags/first_dag.py
[2025-01-07T13:29:05.877+0000] {processor.py:830} INFO - Processing file /opt/airflow/dags/first_dag.py for tasks to queue
[2025-01-07T13:29:05.879+0000] {logging_mixin.py:188} INFO - [2025-01-07T13:29:05.879+0000] {dagbag.py:545} INFO - Filling up the DagBag from /opt/airflow/dags/first_dag.py
[2025-01-07T13:29:05.906+0000] {processor.py:840} INFO - DAG(s) 'first_dag' retrieved from /opt/airflow/dags/first_dag.py
[2025-01-07T13:29:05.943+0000] {logging_mixin.py:188} INFO - [2025-01-07T13:29:05.943+0000] {dag.py:3096} INFO - Sync 1 DAGs
[2025-01-07T13:29:05.971+0000] {logging_mixin.py:188} INFO - [2025-01-07T13:29:05.971+0000] {dag.py:3954} INFO - Setting next_dagrun for first_dag to 2025-01-07 00:00:00+00:00, run_after=2025-01-08 00:00:00+00:00
[2025-01-07T13:29:05.997+0000] {processor.py:183} INFO - Processing /opt/airflow/dags/first_dag.py took 0.127 seconds
[2025-01-07T13:29:36.228+0000] {processor.py:161} INFO - Started process (PID=1800) to work on /opt/airflow/dags/first_dag.py
[2025-01-07T13:29:36.229+0000] {processor.py:830} INFO - Processing file /opt/airflow/dags/first_dag.py for tasks to queue
[2025-01-07T13:29:36.230+0000] {logging_mixin.py:188} INFO - [2025-01-07T13:29:36.230+0000] {dagbag.py:545} INFO - Filling up the DagBag from /opt/airflow/dags/first_dag.py
[2025-01-07T13:29:36.263+0000] {processor.py:840} INFO - DAG(s) 'first_dag' retrieved from /opt/airflow/dags/first_dag.py
[2025-01-07T13:29:36.301+0000] {logging_mixin.py:188} INFO - [2025-01-07T13:29:36.300+0000] {dag.py:3096} INFO - Sync 1 DAGs
[2025-01-07T13:29:36.330+0000] {logging_mixin.py:188} INFO - [2025-01-07T13:29:36.329+0000] {dag.py:3954} INFO - Setting next_dagrun for first_dag to 2025-01-07 00:00:00+00:00, run_after=2025-01-08 00:00:00+00:00
[2025-01-07T13:29:36.354+0000] {processor.py:183} INFO - Processing /opt/airflow/dags/first_dag.py took 0.132 seconds
[2025-01-07T13:30:06.585+0000] {processor.py:161} INFO - Started process (PID=1808) to work on /opt/airflow/dags/first_dag.py
[2025-01-07T13:30:06.587+0000] {processor.py:830} INFO - Processing file /opt/airflow/dags/first_dag.py for tasks to queue
[2025-01-07T13:30:06.588+0000] {logging_mixin.py:188} INFO - [2025-01-07T13:30:06.588+0000] {dagbag.py:545} INFO - Filling up the DagBag from /opt/airflow/dags/first_dag.py
[2025-01-07T13:30:06.617+0000] {processor.py:840} INFO - DAG(s) 'first_dag' retrieved from /opt/airflow/dags/first_dag.py
[2025-01-07T13:30:06.652+0000] {logging_mixin.py:188} INFO - [2025-01-07T13:30:06.652+0000] {dag.py:3096} INFO - Sync 1 DAGs
[2025-01-07T13:30:06.685+0000] {logging_mixin.py:188} INFO - [2025-01-07T13:30:06.685+0000] {dag.py:3954} INFO - Setting next_dagrun for first_dag to 2025-01-07 00:00:00+00:00, run_after=2025-01-08 00:00:00+00:00
[2025-01-07T13:30:06.713+0000] {processor.py:183} INFO - Processing /opt/airflow/dags/first_dag.py took 0.134 seconds
[2025-01-07T13:30:36.948+0000] {processor.py:161} INFO - Started process (PID=1816) to work on /opt/airflow/dags/first_dag.py
[2025-01-07T13:30:36.949+0000] {processor.py:830} INFO - Processing file /opt/airflow/dags/first_dag.py for tasks to queue
[2025-01-07T13:30:36.951+0000] {logging_mixin.py:188} INFO - [2025-01-07T13:30:36.950+0000] {dagbag.py:545} INFO - Filling up the DagBag from /opt/airflow/dags/first_dag.py
[2025-01-07T13:30:36.979+0000] {processor.py:840} INFO - DAG(s) 'first_dag' retrieved from /opt/airflow/dags/first_dag.py
[2025-01-07T13:30:37.015+0000] {logging_mixin.py:188} INFO - [2025-01-07T13:30:37.015+0000] {dag.py:3096} INFO - Sync 1 DAGs
[2025-01-07T13:30:37.044+0000] {logging_mixin.py:188} INFO - [2025-01-07T13:30:37.044+0000] {dag.py:3954} INFO - Setting next_dagrun for first_dag to 2025-01-07 00:00:00+00:00, run_after=2025-01-08 00:00:00+00:00
[2025-01-07T13:30:37.069+0000] {processor.py:183} INFO - Processing /opt/airflow/dags/first_dag.py took 0.127 seconds
[2025-01-07T13:31:07.300+0000] {processor.py:161} INFO - Started process (PID=1824) to work on /opt/airflow/dags/first_dag.py
[2025-01-07T13:31:07.302+0000] {processor.py:830} INFO - Processing file /opt/airflow/dags/first_dag.py for tasks to queue
[2025-01-07T13:31:07.303+0000] {logging_mixin.py:188} INFO - [2025-01-07T13:31:07.303+0000] {dagbag.py:545} INFO - Filling up the DagBag from /opt/airflow/dags/first_dag.py
[2025-01-07T13:31:07.329+0000] {processor.py:840} INFO - DAG(s) 'first_dag' retrieved from /opt/airflow/dags/first_dag.py
[2025-01-07T13:31:07.359+0000] {logging_mixin.py:188} INFO - [2025-01-07T13:31:07.359+0000] {dag.py:3096} INFO - Sync 1 DAGs
[2025-01-07T13:31:07.387+0000] {logging_mixin.py:188} INFO - [2025-01-07T13:31:07.387+0000] {dag.py:3954} INFO - Setting next_dagrun for first_dag to 2025-01-07 00:00:00+00:00, run_after=2025-01-08 00:00:00+00:00
[2025-01-07T13:31:07.412+0000] {processor.py:183} INFO - Processing /opt/airflow/dags/first_dag.py took 0.119 seconds
[2025-01-07T13:31:37.644+0000] {processor.py:161} INFO - Started process (PID=1832) to work on /opt/airflow/dags/first_dag.py
[2025-01-07T13:31:37.645+0000] {processor.py:830} INFO - Processing file /opt/airflow/dags/first_dag.py for tasks to queue
[2025-01-07T13:31:37.647+0000] {logging_mixin.py:188} INFO - [2025-01-07T13:31:37.646+0000] {dagbag.py:545} INFO - Filling up the DagBag from /opt/airflow/dags/first_dag.py
[2025-01-07T13:31:37.674+0000] {processor.py:840} INFO - DAG(s) 'first_dag' retrieved from /opt/airflow/dags/first_dag.py
[2025-01-07T13:31:37.705+0000] {logging_mixin.py:188} INFO - [2025-01-07T13:31:37.705+0000] {dag.py:3096} INFO - Sync 1 DAGs
[2025-01-07T13:31:37.736+0000] {logging_mixin.py:188} INFO - [2025-01-07T13:31:37.735+0000] {dag.py:3954} INFO - Setting next_dagrun for first_dag to 2025-01-07 00:00:00+00:00, run_after=2025-01-08 00:00:00+00:00
[2025-01-07T13:31:37.763+0000] {processor.py:183} INFO - Processing /opt/airflow/dags/first_dag.py took 0.126 seconds
[2025-01-07T13:32:07.990+0000] {processor.py:161} INFO - Started process (PID=1840) to work on /opt/airflow/dags/first_dag.py
[2025-01-07T13:32:07.991+0000] {processor.py:830} INFO - Processing file /opt/airflow/dags/first_dag.py for tasks to queue
[2025-01-07T13:32:07.992+0000] {logging_mixin.py:188} INFO - [2025-01-07T13:32:07.991+0000] {dagbag.py:545} INFO - Filling up the DagBag from /opt/airflow/dags/first_dag.py
[2025-01-07T13:32:08.016+0000] {processor.py:840} INFO - DAG(s) 'first_dag' retrieved from /opt/airflow/dags/first_dag.py
[2025-01-07T13:32:08.045+0000] {logging_mixin.py:188} INFO - [2025-01-07T13:32:08.045+0000] {dag.py:3096} INFO - Sync 1 DAGs
[2025-01-07T13:32:08.071+0000] {logging_mixin.py:188} INFO - [2025-01-07T13:32:08.070+0000] {dag.py:3954} INFO - Setting next_dagrun for first_dag to 2025-01-07 00:00:00+00:00, run_after=2025-01-08 00:00:00+00:00
[2025-01-07T13:32:08.095+0000] {processor.py:183} INFO - Processing /opt/airflow/dags/first_dag.py took 0.110 seconds
[2025-01-07T13:32:38.323+0000] {processor.py:161} INFO - Started process (PID=1848) to work on /opt/airflow/dags/first_dag.py
[2025-01-07T13:32:38.324+0000] {processor.py:830} INFO - Processing file /opt/airflow/dags/first_dag.py for tasks to queue
[2025-01-07T13:32:38.325+0000] {logging_mixin.py:188} INFO - [2025-01-07T13:32:38.324+0000] {dagbag.py:545} INFO - Filling up the DagBag from /opt/airflow/dags/first_dag.py
[2025-01-07T13:32:38.351+0000] {processor.py:840} INFO - DAG(s) 'first_dag' retrieved from /opt/airflow/dags/first_dag.py
[2025-01-07T13:32:38.382+0000] {logging_mixin.py:188} INFO - [2025-01-07T13:32:38.382+0000] {dag.py:3096} INFO - Sync 1 DAGs
[2025-01-07T13:32:38.412+0000] {logging_mixin.py:188} INFO - [2025-01-07T13:32:38.411+0000] {dag.py:3954} INFO - Setting next_dagrun for first_dag to 2025-01-07 00:00:00+00:00, run_after=2025-01-08 00:00:00+00:00
[2025-01-07T13:32:38.437+0000] {processor.py:183} INFO - Processing /opt/airflow/dags/first_dag.py took 0.121 seconds
[2025-01-07T13:33:08.665+0000] {processor.py:161} INFO - Started process (PID=1856) to work on /opt/airflow/dags/first_dag.py
[2025-01-07T13:33:08.666+0000] {processor.py:830} INFO - Processing file /opt/airflow/dags/first_dag.py for tasks to queue
[2025-01-07T13:33:08.668+0000] {logging_mixin.py:188} INFO - [2025-01-07T13:33:08.667+0000] {dagbag.py:545} INFO - Filling up the DagBag from /opt/airflow/dags/first_dag.py
[2025-01-07T13:33:08.695+0000] {processor.py:840} INFO - DAG(s) 'first_dag' retrieved from /opt/airflow/dags/first_dag.py
[2025-01-07T13:33:08.731+0000] {logging_mixin.py:188} INFO - [2025-01-07T13:33:08.731+0000] {dag.py:3096} INFO - Sync 1 DAGs
[2025-01-07T13:33:08.763+0000] {logging_mixin.py:188} INFO - [2025-01-07T13:33:08.762+0000] {dag.py:3954} INFO - Setting next_dagrun for first_dag to 2025-01-07 00:00:00+00:00, run_after=2025-01-08 00:00:00+00:00
[2025-01-07T13:33:08.789+0000] {processor.py:183} INFO - Processing /opt/airflow/dags/first_dag.py took 0.130 seconds
[2025-01-07T13:33:39.071+0000] {processor.py:161} INFO - Started process (PID=1864) to work on /opt/airflow/dags/first_dag.py
[2025-01-07T13:33:39.072+0000] {processor.py:830} INFO - Processing file /opt/airflow/dags/first_dag.py for tasks to queue
[2025-01-07T13:33:39.074+0000] {logging_mixin.py:188} INFO - [2025-01-07T13:33:39.073+0000] {dagbag.py:545} INFO - Filling up the DagBag from /opt/airflow/dags/first_dag.py
[2025-01-07T13:33:39.100+0000] {processor.py:840} INFO - DAG(s) 'first_dag' retrieved from /opt/airflow/dags/first_dag.py
[2025-01-07T13:33:39.135+0000] {logging_mixin.py:188} INFO - [2025-01-07T13:33:39.135+0000] {dag.py:3096} INFO - Sync 1 DAGs
[2025-01-07T13:33:39.165+0000] {logging_mixin.py:188} INFO - [2025-01-07T13:33:39.165+0000] {dag.py:3954} INFO - Setting next_dagrun for first_dag to 2025-01-07 00:00:00+00:00, run_after=2025-01-08 00:00:00+00:00
[2025-01-07T13:33:39.191+0000] {processor.py:183} INFO - Processing /opt/airflow/dags/first_dag.py took 0.126 seconds
[2025-01-07T13:34:09.422+0000] {processor.py:161} INFO - Started process (PID=1872) to work on /opt/airflow/dags/first_dag.py
[2025-01-07T13:34:09.423+0000] {processor.py:830} INFO - Processing file /opt/airflow/dags/first_dag.py for tasks to queue
[2025-01-07T13:34:09.424+0000] {logging_mixin.py:188} INFO - [2025-01-07T13:34:09.423+0000] {dagbag.py:545} INFO - Filling up the DagBag from /opt/airflow/dags/first_dag.py
[2025-01-07T13:34:09.448+0000] {processor.py:840} INFO - DAG(s) 'first_dag' retrieved from /opt/airflow/dags/first_dag.py
[2025-01-07T13:34:09.478+0000] {logging_mixin.py:188} INFO - [2025-01-07T13:34:09.477+0000] {dag.py:3096} INFO - Sync 1 DAGs
[2025-01-07T13:34:09.503+0000] {logging_mixin.py:188} INFO - [2025-01-07T13:34:09.503+0000] {dag.py:3954} INFO - Setting next_dagrun for first_dag to 2025-01-07 00:00:00+00:00, run_after=2025-01-08 00:00:00+00:00
[2025-01-07T13:34:09.527+0000] {processor.py:183} INFO - Processing /opt/airflow/dags/first_dag.py took 0.111 seconds
[2025-01-07T13:34:39.757+0000] {processor.py:161} INFO - Started process (PID=1880) to work on /opt/airflow/dags/first_dag.py
[2025-01-07T13:34:39.758+0000] {processor.py:830} INFO - Processing file /opt/airflow/dags/first_dag.py for tasks to queue
[2025-01-07T13:34:39.760+0000] {logging_mixin.py:188} INFO - [2025-01-07T13:34:39.759+0000] {dagbag.py:545} INFO - Filling up the DagBag from /opt/airflow/dags/first_dag.py
[2025-01-07T13:34:39.788+0000] {processor.py:840} INFO - DAG(s) 'first_dag' retrieved from /opt/airflow/dags/first_dag.py
[2025-01-07T13:34:39.825+0000] {logging_mixin.py:188} INFO - [2025-01-07T13:34:39.825+0000] {dag.py:3096} INFO - Sync 1 DAGs
[2025-01-07T13:34:39.853+0000] {logging_mixin.py:188} INFO - [2025-01-07T13:34:39.853+0000] {dag.py:3954} INFO - Setting next_dagrun for first_dag to 2025-01-07 00:00:00+00:00, run_after=2025-01-08 00:00:00+00:00
[2025-01-07T13:34:39.881+0000] {processor.py:183} INFO - Processing /opt/airflow/dags/first_dag.py took 0.131 seconds
[2025-01-07T13:35:10.109+0000] {processor.py:161} INFO - Started process (PID=1888) to work on /opt/airflow/dags/first_dag.py
[2025-01-07T13:35:10.110+0000] {processor.py:830} INFO - Processing file /opt/airflow/dags/first_dag.py for tasks to queue
[2025-01-07T13:35:10.112+0000] {logging_mixin.py:188} INFO - [2025-01-07T13:35:10.111+0000] {dagbag.py:545} INFO - Filling up the DagBag from /opt/airflow/dags/first_dag.py
[2025-01-07T13:35:10.136+0000] {processor.py:840} INFO - DAG(s) 'first_dag' retrieved from /opt/airflow/dags/first_dag.py
[2025-01-07T13:35:10.168+0000] {logging_mixin.py:188} INFO - [2025-01-07T13:35:10.168+0000] {dag.py:3096} INFO - Sync 1 DAGs
[2025-01-07T13:35:10.193+0000] {logging_mixin.py:188} INFO - [2025-01-07T13:35:10.193+0000] {dag.py:3954} INFO - Setting next_dagrun for first_dag to 2025-01-07 00:00:00+00:00, run_after=2025-01-08 00:00:00+00:00
[2025-01-07T13:35:10.219+0000] {processor.py:183} INFO - Processing /opt/airflow/dags/first_dag.py took 0.116 seconds
[2025-01-07T13:35:22.371+0000] {processor.py:161} INFO - Started process (PID=1891) to work on /opt/airflow/dags/first_dag.py
[2025-01-07T13:35:22.372+0000] {processor.py:830} INFO - Processing file /opt/airflow/dags/first_dag.py for tasks to queue
[2025-01-07T13:35:22.374+0000] {logging_mixin.py:188} INFO - [2025-01-07T13:35:22.373+0000] {dagbag.py:545} INFO - Filling up the DagBag from /opt/airflow/dags/first_dag.py
[2025-01-07T13:35:22.413+0000] {processor.py:840} INFO - DAG(s) 'first_dag' retrieved from /opt/airflow/dags/first_dag.py
[2025-01-07T13:35:22.451+0000] {logging_mixin.py:188} INFO - [2025-01-07T13:35:22.451+0000] {dag.py:3096} INFO - Sync 1 DAGs
[2025-01-07T13:35:22.487+0000] {logging_mixin.py:188} INFO - [2025-01-07T13:35:22.486+0000] {dag.py:3954} INFO - Setting next_dagrun for first_dag to 2025-01-07 00:00:00+00:00, run_after=2025-01-08 00:00:00+00:00
[2025-01-07T13:35:22.522+0000] {processor.py:183} INFO - Processing /opt/airflow/dags/first_dag.py took 0.157 seconds
[2025-01-07T13:35:52.727+0000] {processor.py:161} INFO - Started process (PID=1899) to work on /opt/airflow/dags/first_dag.py
[2025-01-07T13:35:52.727+0000] {processor.py:830} INFO - Processing file /opt/airflow/dags/first_dag.py for tasks to queue
[2025-01-07T13:35:52.729+0000] {logging_mixin.py:188} INFO - [2025-01-07T13:35:52.728+0000] {dagbag.py:545} INFO - Filling up the DagBag from /opt/airflow/dags/first_dag.py
[2025-01-07T13:35:52.754+0000] {processor.py:840} INFO - DAG(s) 'first_dag' retrieved from /opt/airflow/dags/first_dag.py
[2025-01-07T13:35:52.784+0000] {logging_mixin.py:188} INFO - [2025-01-07T13:35:52.784+0000] {dag.py:3096} INFO - Sync 1 DAGs
[2025-01-07T13:35:52.811+0000] {logging_mixin.py:188} INFO - [2025-01-07T13:35:52.811+0000] {dag.py:3954} INFO - Setting next_dagrun for first_dag to 2025-01-07 00:00:00+00:00, run_after=2025-01-08 00:00:00+00:00
[2025-01-07T13:35:52.918+0000] {processor.py:183} INFO - Processing /opt/airflow/dags/first_dag.py took 0.197 seconds
[2025-01-07T13:36:23.126+0000] {processor.py:161} INFO - Started process (PID=1908) to work on /opt/airflow/dags/first_dag.py
[2025-01-07T13:36:23.126+0000] {processor.py:830} INFO - Processing file /opt/airflow/dags/first_dag.py for tasks to queue
[2025-01-07T13:36:23.128+0000] {logging_mixin.py:188} INFO - [2025-01-07T13:36:23.127+0000] {dagbag.py:545} INFO - Filling up the DagBag from /opt/airflow/dags/first_dag.py
[2025-01-07T13:36:23.151+0000] {processor.py:840} INFO - DAG(s) 'first_dag' retrieved from /opt/airflow/dags/first_dag.py
[2025-01-07T13:36:23.181+0000] {logging_mixin.py:188} INFO - [2025-01-07T13:36:23.181+0000] {dag.py:3096} INFO - Sync 1 DAGs
[2025-01-07T13:36:23.206+0000] {logging_mixin.py:188} INFO - [2025-01-07T13:36:23.205+0000] {dag.py:3954} INFO - Setting next_dagrun for first_dag to 2025-01-07 00:00:00+00:00, run_after=2025-01-08 00:00:00+00:00
[2025-01-07T13:36:23.231+0000] {processor.py:183} INFO - Processing /opt/airflow/dags/first_dag.py took 0.111 seconds
[2025-01-07T13:36:53.431+0000] {processor.py:161} INFO - Started process (PID=1916) to work on /opt/airflow/dags/first_dag.py
[2025-01-07T13:36:53.431+0000] {processor.py:830} INFO - Processing file /opt/airflow/dags/first_dag.py for tasks to queue
[2025-01-07T13:36:53.433+0000] {logging_mixin.py:188} INFO - [2025-01-07T13:36:53.432+0000] {dagbag.py:545} INFO - Filling up the DagBag from /opt/airflow/dags/first_dag.py
[2025-01-07T13:36:53.459+0000] {processor.py:840} INFO - DAG(s) 'first_dag' retrieved from /opt/airflow/dags/first_dag.py
[2025-01-07T13:36:53.493+0000] {logging_mixin.py:188} INFO - [2025-01-07T13:36:53.493+0000] {dag.py:3096} INFO - Sync 1 DAGs
[2025-01-07T13:36:53.528+0000] {logging_mixin.py:188} INFO - [2025-01-07T13:36:53.527+0000] {dag.py:3954} INFO - Setting next_dagrun for first_dag to 2025-01-07 00:00:00+00:00, run_after=2025-01-08 00:00:00+00:00
[2025-01-07T13:36:53.554+0000] {processor.py:183} INFO - Processing /opt/airflow/dags/first_dag.py took 0.129 seconds
[2025-01-07T13:37:23.767+0000] {processor.py:161} INFO - Started process (PID=1924) to work on /opt/airflow/dags/first_dag.py
[2025-01-07T13:37:23.768+0000] {processor.py:830} INFO - Processing file /opt/airflow/dags/first_dag.py for tasks to queue
[2025-01-07T13:37:23.769+0000] {logging_mixin.py:188} INFO - [2025-01-07T13:37:23.769+0000] {dagbag.py:545} INFO - Filling up the DagBag from /opt/airflow/dags/first_dag.py
[2025-01-07T13:37:23.796+0000] {processor.py:840} INFO - DAG(s) 'first_dag' retrieved from /opt/airflow/dags/first_dag.py
[2025-01-07T13:37:23.838+0000] {logging_mixin.py:188} INFO - [2025-01-07T13:37:23.838+0000] {dag.py:3096} INFO - Sync 1 DAGs
[2025-01-07T13:37:23.870+0000] {logging_mixin.py:188} INFO - [2025-01-07T13:37:23.869+0000] {dag.py:3954} INFO - Setting next_dagrun for first_dag to 2025-01-07 00:00:00+00:00, run_after=2025-01-08 00:00:00+00:00
[2025-01-07T13:37:23.897+0000] {processor.py:183} INFO - Processing /opt/airflow/dags/first_dag.py took 0.138 seconds
[2025-01-07T13:37:54.113+0000] {processor.py:161} INFO - Started process (PID=1932) to work on /opt/airflow/dags/first_dag.py
[2025-01-07T13:37:54.114+0000] {processor.py:830} INFO - Processing file /opt/airflow/dags/first_dag.py for tasks to queue
[2025-01-07T13:37:54.115+0000] {logging_mixin.py:188} INFO - [2025-01-07T13:37:54.115+0000] {dagbag.py:545} INFO - Filling up the DagBag from /opt/airflow/dags/first_dag.py
[2025-01-07T13:37:54.139+0000] {processor.py:840} INFO - DAG(s) 'first_dag' retrieved from /opt/airflow/dags/first_dag.py
[2025-01-07T13:37:54.173+0000] {logging_mixin.py:188} INFO - [2025-01-07T13:37:54.173+0000] {dag.py:3096} INFO - Sync 1 DAGs
[2025-01-07T13:37:54.199+0000] {logging_mixin.py:188} INFO - [2025-01-07T13:37:54.199+0000] {dag.py:3954} INFO - Setting next_dagrun for first_dag to 2025-01-07 00:00:00+00:00, run_after=2025-01-08 00:00:00+00:00
[2025-01-07T13:37:54.227+0000] {processor.py:183} INFO - Processing /opt/airflow/dags/first_dag.py took 0.120 seconds
[2025-01-07T13:38:24.466+0000] {processor.py:161} INFO - Started process (PID=1940) to work on /opt/airflow/dags/first_dag.py
[2025-01-07T13:38:24.467+0000] {processor.py:830} INFO - Processing file /opt/airflow/dags/first_dag.py for tasks to queue
[2025-01-07T13:38:24.469+0000] {logging_mixin.py:188} INFO - [2025-01-07T13:38:24.469+0000] {dagbag.py:545} INFO - Filling up the DagBag from /opt/airflow/dags/first_dag.py
[2025-01-07T13:38:24.500+0000] {processor.py:840} INFO - DAG(s) 'first_dag' retrieved from /opt/airflow/dags/first_dag.py
[2025-01-07T13:38:24.536+0000] {logging_mixin.py:188} INFO - [2025-01-07T13:38:24.535+0000] {dag.py:3096} INFO - Sync 1 DAGs
[2025-01-07T13:38:24.582+0000] {logging_mixin.py:188} INFO - [2025-01-07T13:38:24.582+0000] {dag.py:3954} INFO - Setting next_dagrun for first_dag to 2025-01-07 00:00:00+00:00, run_after=2025-01-08 00:00:00+00:00
[2025-01-07T13:38:24.618+0000] {processor.py:183} INFO - Processing /opt/airflow/dags/first_dag.py took 0.158 seconds
[2025-01-07T13:38:54.865+0000] {processor.py:161} INFO - Started process (PID=1948) to work on /opt/airflow/dags/first_dag.py
[2025-01-07T13:38:54.866+0000] {processor.py:830} INFO - Processing file /opt/airflow/dags/first_dag.py for tasks to queue
[2025-01-07T13:38:54.867+0000] {logging_mixin.py:188} INFO - [2025-01-07T13:38:54.866+0000] {dagbag.py:545} INFO - Filling up the DagBag from /opt/airflow/dags/first_dag.py
[2025-01-07T13:38:54.892+0000] {processor.py:840} INFO - DAG(s) 'first_dag' retrieved from /opt/airflow/dags/first_dag.py
[2025-01-07T13:38:54.924+0000] {logging_mixin.py:188} INFO - [2025-01-07T13:38:54.924+0000] {dag.py:3096} INFO - Sync 1 DAGs
[2025-01-07T13:38:54.952+0000] {logging_mixin.py:188} INFO - [2025-01-07T13:38:54.952+0000] {dag.py:3954} INFO - Setting next_dagrun for first_dag to 2025-01-07 00:00:00+00:00, run_after=2025-01-08 00:00:00+00:00
[2025-01-07T13:38:54.977+0000] {processor.py:183} INFO - Processing /opt/airflow/dags/first_dag.py took 0.118 seconds
[2025-01-07T13:39:25.215+0000] {processor.py:161} INFO - Started process (PID=1956) to work on /opt/airflow/dags/first_dag.py
[2025-01-07T13:39:25.216+0000] {processor.py:830} INFO - Processing file /opt/airflow/dags/first_dag.py for tasks to queue
[2025-01-07T13:39:25.217+0000] {logging_mixin.py:188} INFO - [2025-01-07T13:39:25.216+0000] {dagbag.py:545} INFO - Filling up the DagBag from /opt/airflow/dags/first_dag.py
[2025-01-07T13:39:25.243+0000] {processor.py:840} INFO - DAG(s) 'first_dag' retrieved from /opt/airflow/dags/first_dag.py
[2025-01-07T13:39:25.274+0000] {logging_mixin.py:188} INFO - [2025-01-07T13:39:25.274+0000] {dag.py:3096} INFO - Sync 1 DAGs
[2025-01-07T13:39:25.303+0000] {logging_mixin.py:188} INFO - [2025-01-07T13:39:25.303+0000] {dag.py:3954} INFO - Setting next_dagrun for first_dag to 2025-01-07 00:00:00+00:00, run_after=2025-01-08 00:00:00+00:00
[2025-01-07T13:39:25.329+0000] {processor.py:183} INFO - Processing /opt/airflow/dags/first_dag.py took 0.119 seconds
[2025-01-07T13:39:55.551+0000] {processor.py:161} INFO - Started process (PID=1964) to work on /opt/airflow/dags/first_dag.py
[2025-01-07T13:39:55.553+0000] {processor.py:830} INFO - Processing file /opt/airflow/dags/first_dag.py for tasks to queue
[2025-01-07T13:39:55.554+0000] {logging_mixin.py:188} INFO - [2025-01-07T13:39:55.553+0000] {dagbag.py:545} INFO - Filling up the DagBag from /opt/airflow/dags/first_dag.py
[2025-01-07T13:39:55.578+0000] {processor.py:840} INFO - DAG(s) 'first_dag' retrieved from /opt/airflow/dags/first_dag.py
[2025-01-07T13:39:55.606+0000] {logging_mixin.py:188} INFO - [2025-01-07T13:39:55.606+0000] {dag.py:3096} INFO - Sync 1 DAGs
[2025-01-07T13:39:55.633+0000] {logging_mixin.py:188} INFO - [2025-01-07T13:39:55.632+0000] {dag.py:3954} INFO - Setting next_dagrun for first_dag to 2025-01-07 00:00:00+00:00, run_after=2025-01-08 00:00:00+00:00
[2025-01-07T13:39:55.659+0000] {processor.py:183} INFO - Processing /opt/airflow/dags/first_dag.py took 0.114 seconds
[2025-01-07T13:40:25.880+0000] {processor.py:161} INFO - Started process (PID=1972) to work on /opt/airflow/dags/first_dag.py
[2025-01-07T13:40:25.881+0000] {processor.py:830} INFO - Processing file /opt/airflow/dags/first_dag.py for tasks to queue
[2025-01-07T13:40:25.882+0000] {logging_mixin.py:188} INFO - [2025-01-07T13:40:25.882+0000] {dagbag.py:545} INFO - Filling up the DagBag from /opt/airflow/dags/first_dag.py
[2025-01-07T13:40:25.908+0000] {processor.py:840} INFO - DAG(s) 'first_dag' retrieved from /opt/airflow/dags/first_dag.py
[2025-01-07T13:40:25.941+0000] {logging_mixin.py:188} INFO - [2025-01-07T13:40:25.940+0000] {dag.py:3096} INFO - Sync 1 DAGs
[2025-01-07T13:40:25.971+0000] {logging_mixin.py:188} INFO - [2025-01-07T13:40:25.971+0000] {dag.py:3954} INFO - Setting next_dagrun for first_dag to 2025-01-07 00:00:00+00:00, run_after=2025-01-08 00:00:00+00:00
[2025-01-07T13:40:25.999+0000] {processor.py:183} INFO - Processing /opt/airflow/dags/first_dag.py took 0.124 seconds
[2025-01-07T13:40:56.229+0000] {processor.py:161} INFO - Started process (PID=1980) to work on /opt/airflow/dags/first_dag.py
[2025-01-07T13:40:56.230+0000] {processor.py:830} INFO - Processing file /opt/airflow/dags/first_dag.py for tasks to queue
[2025-01-07T13:40:56.231+0000] {logging_mixin.py:188} INFO - [2025-01-07T13:40:56.231+0000] {dagbag.py:545} INFO - Filling up the DagBag from /opt/airflow/dags/first_dag.py
[2025-01-07T13:40:56.262+0000] {processor.py:840} INFO - DAG(s) 'first_dag' retrieved from /opt/airflow/dags/first_dag.py
[2025-01-07T13:40:56.301+0000] {logging_mixin.py:188} INFO - [2025-01-07T13:40:56.300+0000] {dag.py:3096} INFO - Sync 1 DAGs
[2025-01-07T13:40:56.333+0000] {logging_mixin.py:188} INFO - [2025-01-07T13:40:56.333+0000] {dag.py:3954} INFO - Setting next_dagrun for first_dag to 2025-01-07 00:00:00+00:00, run_after=2025-01-08 00:00:00+00:00
[2025-01-07T13:40:56.362+0000] {processor.py:183} INFO - Processing /opt/airflow/dags/first_dag.py took 0.140 seconds
[2025-01-07T13:41:26.569+0000] {processor.py:161} INFO - Started process (PID=1988) to work on /opt/airflow/dags/first_dag.py
[2025-01-07T13:41:26.570+0000] {processor.py:830} INFO - Processing file /opt/airflow/dags/first_dag.py for tasks to queue
[2025-01-07T13:41:26.571+0000] {logging_mixin.py:188} INFO - [2025-01-07T13:41:26.571+0000] {dagbag.py:545} INFO - Filling up the DagBag from /opt/airflow/dags/first_dag.py
[2025-01-07T13:41:26.596+0000] {processor.py:840} INFO - DAG(s) 'first_dag' retrieved from /opt/airflow/dags/first_dag.py
[2025-01-07T13:41:26.627+0000] {logging_mixin.py:188} INFO - [2025-01-07T13:41:26.627+0000] {dag.py:3096} INFO - Sync 1 DAGs
[2025-01-07T13:41:26.654+0000] {logging_mixin.py:188} INFO - [2025-01-07T13:41:26.654+0000] {dag.py:3954} INFO - Setting next_dagrun for first_dag to 2025-01-07 00:00:00+00:00, run_after=2025-01-08 00:00:00+00:00
[2025-01-07T13:41:26.678+0000] {processor.py:183} INFO - Processing /opt/airflow/dags/first_dag.py took 0.115 seconds
[2025-01-07T13:41:56.901+0000] {processor.py:161} INFO - Started process (PID=1996) to work on /opt/airflow/dags/first_dag.py
[2025-01-07T13:41:56.902+0000] {processor.py:830} INFO - Processing file /opt/airflow/dags/first_dag.py for tasks to queue
[2025-01-07T13:41:56.903+0000] {logging_mixin.py:188} INFO - [2025-01-07T13:41:56.903+0000] {dagbag.py:545} INFO - Filling up the DagBag from /opt/airflow/dags/first_dag.py
[2025-01-07T13:41:56.930+0000] {processor.py:840} INFO - DAG(s) 'first_dag' retrieved from /opt/airflow/dags/first_dag.py
[2025-01-07T13:41:56.964+0000] {logging_mixin.py:188} INFO - [2025-01-07T13:41:56.964+0000] {dag.py:3096} INFO - Sync 1 DAGs
[2025-01-07T13:41:56.994+0000] {logging_mixin.py:188} INFO - [2025-01-07T13:41:56.993+0000] {dag.py:3954} INFO - Setting next_dagrun for first_dag to 2025-01-07 00:00:00+00:00, run_after=2025-01-08 00:00:00+00:00
[2025-01-07T13:41:57.018+0000] {processor.py:183} INFO - Processing /opt/airflow/dags/first_dag.py took 0.123 seconds
[2025-01-07T13:42:27.254+0000] {processor.py:161} INFO - Started process (PID=2004) to work on /opt/airflow/dags/first_dag.py
[2025-01-07T13:42:27.255+0000] {processor.py:830} INFO - Processing file /opt/airflow/dags/first_dag.py for tasks to queue
[2025-01-07T13:42:27.257+0000] {logging_mixin.py:188} INFO - [2025-01-07T13:42:27.256+0000] {dagbag.py:545} INFO - Filling up the DagBag from /opt/airflow/dags/first_dag.py
[2025-01-07T13:42:27.284+0000] {processor.py:840} INFO - DAG(s) 'first_dag' retrieved from /opt/airflow/dags/first_dag.py
[2025-01-07T13:42:27.322+0000] {logging_mixin.py:188} INFO - [2025-01-07T13:42:27.321+0000] {dag.py:3096} INFO - Sync 1 DAGs
[2025-01-07T13:42:27.350+0000] {logging_mixin.py:188} INFO - [2025-01-07T13:42:27.350+0000] {dag.py:3954} INFO - Setting next_dagrun for first_dag to 2025-01-07 00:00:00+00:00, run_after=2025-01-08 00:00:00+00:00
[2025-01-07T13:42:27.377+0000] {processor.py:183} INFO - Processing /opt/airflow/dags/first_dag.py took 0.128 seconds
[2025-01-07T13:42:57.601+0000] {processor.py:161} INFO - Started process (PID=2012) to work on /opt/airflow/dags/first_dag.py
[2025-01-07T13:42:57.602+0000] {processor.py:830} INFO - Processing file /opt/airflow/dags/first_dag.py for tasks to queue
[2025-01-07T13:42:57.603+0000] {logging_mixin.py:188} INFO - [2025-01-07T13:42:57.603+0000] {dagbag.py:545} INFO - Filling up the DagBag from /opt/airflow/dags/first_dag.py
[2025-01-07T13:42:57.629+0000] {processor.py:840} INFO - DAG(s) 'first_dag' retrieved from /opt/airflow/dags/first_dag.py
[2025-01-07T13:42:57.658+0000] {logging_mixin.py:188} INFO - [2025-01-07T13:42:57.657+0000] {dag.py:3096} INFO - Sync 1 DAGs
[2025-01-07T13:42:57.687+0000] {logging_mixin.py:188} INFO - [2025-01-07T13:42:57.687+0000] {dag.py:3954} INFO - Setting next_dagrun for first_dag to 2025-01-07 00:00:00+00:00, run_after=2025-01-08 00:00:00+00:00
[2025-01-07T13:42:57.711+0000] {processor.py:183} INFO - Processing /opt/airflow/dags/first_dag.py took 0.116 seconds
[2025-01-07T13:43:27.961+0000] {processor.py:161} INFO - Started process (PID=2020) to work on /opt/airflow/dags/first_dag.py
[2025-01-07T13:43:27.963+0000] {processor.py:830} INFO - Processing file /opt/airflow/dags/first_dag.py for tasks to queue
[2025-01-07T13:43:27.964+0000] {logging_mixin.py:188} INFO - [2025-01-07T13:43:27.964+0000] {dagbag.py:545} INFO - Filling up the DagBag from /opt/airflow/dags/first_dag.py
[2025-01-07T13:43:28.014+0000] {processor.py:840} INFO - DAG(s) 'first_dag' retrieved from /opt/airflow/dags/first_dag.py
[2025-01-07T13:43:28.087+0000] {logging_mixin.py:188} INFO - [2025-01-07T13:43:28.087+0000] {dag.py:3096} INFO - Sync 1 DAGs
[2025-01-07T13:43:28.129+0000] {logging_mixin.py:188} INFO - [2025-01-07T13:43:28.128+0000] {dag.py:3954} INFO - Setting next_dagrun for first_dag to 2025-01-07 00:00:00+00:00, run_after=2025-01-08 00:00:00+00:00
[2025-01-07T13:43:28.162+0000] {processor.py:183} INFO - Processing /opt/airflow/dags/first_dag.py took 0.214 seconds
[2025-01-07T13:43:58.365+0000] {processor.py:161} INFO - Started process (PID=2028) to work on /opt/airflow/dags/first_dag.py
[2025-01-07T13:43:58.366+0000] {processor.py:830} INFO - Processing file /opt/airflow/dags/first_dag.py for tasks to queue
[2025-01-07T13:43:58.368+0000] {logging_mixin.py:188} INFO - [2025-01-07T13:43:58.367+0000] {dagbag.py:545} INFO - Filling up the DagBag from /opt/airflow/dags/first_dag.py
[2025-01-07T13:43:58.394+0000] {processor.py:840} INFO - DAG(s) 'first_dag' retrieved from /opt/airflow/dags/first_dag.py
[2025-01-07T13:43:58.428+0000] {logging_mixin.py:188} INFO - [2025-01-07T13:43:58.428+0000] {dag.py:3096} INFO - Sync 1 DAGs
[2025-01-07T13:43:58.457+0000] {logging_mixin.py:188} INFO - [2025-01-07T13:43:58.457+0000] {dag.py:3954} INFO - Setting next_dagrun for first_dag to 2025-01-07 00:00:00+00:00, run_after=2025-01-08 00:00:00+00:00
[2025-01-07T13:43:58.485+0000] {processor.py:183} INFO - Processing /opt/airflow/dags/first_dag.py took 0.127 seconds
[2025-01-07T13:44:28.703+0000] {processor.py:161} INFO - Started process (PID=2036) to work on /opt/airflow/dags/first_dag.py
[2025-01-07T13:44:28.704+0000] {processor.py:830} INFO - Processing file /opt/airflow/dags/first_dag.py for tasks to queue
[2025-01-07T13:44:28.706+0000] {logging_mixin.py:188} INFO - [2025-01-07T13:44:28.706+0000] {dagbag.py:545} INFO - Filling up the DagBag from /opt/airflow/dags/first_dag.py
[2025-01-07T13:44:28.732+0000] {processor.py:840} INFO - DAG(s) 'first_dag' retrieved from /opt/airflow/dags/first_dag.py
[2025-01-07T13:44:28.766+0000] {logging_mixin.py:188} INFO - [2025-01-07T13:44:28.765+0000] {dag.py:3096} INFO - Sync 1 DAGs
[2025-01-07T13:44:28.797+0000] {logging_mixin.py:188} INFO - [2025-01-07T13:44:28.796+0000] {dag.py:3954} INFO - Setting next_dagrun for first_dag to 2025-01-07 00:00:00+00:00, run_after=2025-01-08 00:00:00+00:00
[2025-01-07T13:44:28.825+0000] {processor.py:183} INFO - Processing /opt/airflow/dags/first_dag.py took 0.129 seconds
[2025-01-07T13:44:59.057+0000] {processor.py:161} INFO - Started process (PID=2044) to work on /opt/airflow/dags/first_dag.py
[2025-01-07T13:44:59.058+0000] {processor.py:830} INFO - Processing file /opt/airflow/dags/first_dag.py for tasks to queue
[2025-01-07T13:44:59.060+0000] {logging_mixin.py:188} INFO - [2025-01-07T13:44:59.059+0000] {dagbag.py:545} INFO - Filling up the DagBag from /opt/airflow/dags/first_dag.py
[2025-01-07T13:44:59.090+0000] {processor.py:840} INFO - DAG(s) 'first_dag' retrieved from /opt/airflow/dags/first_dag.py
[2025-01-07T13:44:59.127+0000] {logging_mixin.py:188} INFO - [2025-01-07T13:44:59.126+0000] {dag.py:3096} INFO - Sync 1 DAGs
[2025-01-07T13:44:59.157+0000] {logging_mixin.py:188} INFO - [2025-01-07T13:44:59.156+0000] {dag.py:3954} INFO - Setting next_dagrun for first_dag to 2025-01-07 00:00:00+00:00, run_after=2025-01-08 00:00:00+00:00
[2025-01-07T13:44:59.187+0000] {processor.py:183} INFO - Processing /opt/airflow/dags/first_dag.py took 0.138 seconds
[2025-01-07T13:45:29.401+0000] {processor.py:161} INFO - Started process (PID=2052) to work on /opt/airflow/dags/first_dag.py
[2025-01-07T13:45:29.402+0000] {processor.py:830} INFO - Processing file /opt/airflow/dags/first_dag.py for tasks to queue
[2025-01-07T13:45:29.403+0000] {logging_mixin.py:188} INFO - [2025-01-07T13:45:29.403+0000] {dagbag.py:545} INFO - Filling up the DagBag from /opt/airflow/dags/first_dag.py
[2025-01-07T13:45:29.434+0000] {processor.py:840} INFO - DAG(s) 'first_dag' retrieved from /opt/airflow/dags/first_dag.py
[2025-01-07T13:45:29.468+0000] {logging_mixin.py:188} INFO - [2025-01-07T13:45:29.467+0000] {dag.py:3096} INFO - Sync 1 DAGs
[2025-01-07T13:45:29.495+0000] {logging_mixin.py:188} INFO - [2025-01-07T13:45:29.495+0000] {dag.py:3954} INFO - Setting next_dagrun for first_dag to 2025-01-07 00:00:00+00:00, run_after=2025-01-08 00:00:00+00:00
[2025-01-07T13:45:29.524+0000] {processor.py:183} INFO - Processing /opt/airflow/dags/first_dag.py took 0.130 seconds
[2025-01-07T13:45:59.732+0000] {processor.py:161} INFO - Started process (PID=2060) to work on /opt/airflow/dags/first_dag.py
[2025-01-07T13:45:59.733+0000] {processor.py:830} INFO - Processing file /opt/airflow/dags/first_dag.py for tasks to queue
[2025-01-07T13:45:59.734+0000] {logging_mixin.py:188} INFO - [2025-01-07T13:45:59.733+0000] {dagbag.py:545} INFO - Filling up the DagBag from /opt/airflow/dags/first_dag.py
[2025-01-07T13:45:59.761+0000] {processor.py:840} INFO - DAG(s) 'first_dag' retrieved from /opt/airflow/dags/first_dag.py
[2025-01-07T13:45:59.794+0000] {logging_mixin.py:188} INFO - [2025-01-07T13:45:59.794+0000] {dag.py:3096} INFO - Sync 1 DAGs
[2025-01-07T13:45:59.824+0000] {logging_mixin.py:188} INFO - [2025-01-07T13:45:59.823+0000] {dag.py:3954} INFO - Setting next_dagrun for first_dag to 2025-01-07 00:00:00+00:00, run_after=2025-01-08 00:00:00+00:00
[2025-01-07T13:45:59.851+0000] {processor.py:183} INFO - Processing /opt/airflow/dags/first_dag.py took 0.125 seconds
[2025-01-07T13:46:30.092+0000] {processor.py:161} INFO - Started process (PID=2068) to work on /opt/airflow/dags/first_dag.py
[2025-01-07T13:46:30.093+0000] {processor.py:830} INFO - Processing file /opt/airflow/dags/first_dag.py for tasks to queue
[2025-01-07T13:46:30.094+0000] {logging_mixin.py:188} INFO - [2025-01-07T13:46:30.094+0000] {dagbag.py:545} INFO - Filling up the DagBag from /opt/airflow/dags/first_dag.py
[2025-01-07T13:46:30.118+0000] {processor.py:840} INFO - DAG(s) 'first_dag' retrieved from /opt/airflow/dags/first_dag.py
[2025-01-07T13:46:30.149+0000] {logging_mixin.py:188} INFO - [2025-01-07T13:46:30.149+0000] {dag.py:3096} INFO - Sync 1 DAGs
[2025-01-07T13:46:30.174+0000] {logging_mixin.py:188} INFO - [2025-01-07T13:46:30.174+0000] {dag.py:3954} INFO - Setting next_dagrun for first_dag to 2025-01-07 00:00:00+00:00, run_after=2025-01-08 00:00:00+00:00
[2025-01-07T13:46:30.198+0000] {processor.py:183} INFO - Processing /opt/airflow/dags/first_dag.py took 0.112 seconds
[2025-01-07T13:47:00.406+0000] {processor.py:161} INFO - Started process (PID=2076) to work on /opt/airflow/dags/first_dag.py
[2025-01-07T13:47:00.407+0000] {processor.py:830} INFO - Processing file /opt/airflow/dags/first_dag.py for tasks to queue
[2025-01-07T13:47:00.409+0000] {logging_mixin.py:188} INFO - [2025-01-07T13:47:00.408+0000] {dagbag.py:545} INFO - Filling up the DagBag from /opt/airflow/dags/first_dag.py
[2025-01-07T13:47:00.434+0000] {processor.py:840} INFO - DAG(s) 'first_dag' retrieved from /opt/airflow/dags/first_dag.py
[2025-01-07T13:47:00.470+0000] {logging_mixin.py:188} INFO - [2025-01-07T13:47:00.470+0000] {dag.py:3096} INFO - Sync 1 DAGs
[2025-01-07T13:47:00.501+0000] {logging_mixin.py:188} INFO - [2025-01-07T13:47:00.501+0000] {dag.py:3954} INFO - Setting next_dagrun for first_dag to 2025-01-07 00:00:00+00:00, run_after=2025-01-08 00:00:00+00:00
[2025-01-07T13:47:00.526+0000] {processor.py:183} INFO - Processing /opt/airflow/dags/first_dag.py took 0.126 seconds
[2025-01-07T13:47:30.725+0000] {processor.py:161} INFO - Started process (PID=2084) to work on /opt/airflow/dags/first_dag.py
[2025-01-07T13:47:30.726+0000] {processor.py:830} INFO - Processing file /opt/airflow/dags/first_dag.py for tasks to queue
[2025-01-07T13:47:30.727+0000] {logging_mixin.py:188} INFO - [2025-01-07T13:47:30.727+0000] {dagbag.py:545} INFO - Filling up the DagBag from /opt/airflow/dags/first_dag.py
[2025-01-07T13:47:30.751+0000] {processor.py:840} INFO - DAG(s) 'first_dag' retrieved from /opt/airflow/dags/first_dag.py
[2025-01-07T13:47:30.782+0000] {logging_mixin.py:188} INFO - [2025-01-07T13:47:30.782+0000] {dag.py:3096} INFO - Sync 1 DAGs
[2025-01-07T13:47:30.810+0000] {logging_mixin.py:188} INFO - [2025-01-07T13:47:30.810+0000] {dag.py:3954} INFO - Setting next_dagrun for first_dag to 2025-01-07 00:00:00+00:00, run_after=2025-01-08 00:00:00+00:00
[2025-01-07T13:47:30.835+0000] {processor.py:183} INFO - Processing /opt/airflow/dags/first_dag.py took 0.115 seconds
[2025-01-07T13:48:01.032+0000] {processor.py:161} INFO - Started process (PID=2092) to work on /opt/airflow/dags/first_dag.py
[2025-01-07T13:48:01.033+0000] {processor.py:830} INFO - Processing file /opt/airflow/dags/first_dag.py for tasks to queue
[2025-01-07T13:48:01.034+0000] {logging_mixin.py:188} INFO - [2025-01-07T13:48:01.034+0000] {dagbag.py:545} INFO - Filling up the DagBag from /opt/airflow/dags/first_dag.py
[2025-01-07T13:48:01.059+0000] {processor.py:840} INFO - DAG(s) 'first_dag' retrieved from /opt/airflow/dags/first_dag.py
[2025-01-07T13:48:01.090+0000] {logging_mixin.py:188} INFO - [2025-01-07T13:48:01.090+0000] {dag.py:3096} INFO - Sync 1 DAGs
[2025-01-07T13:48:01.120+0000] {logging_mixin.py:188} INFO - [2025-01-07T13:48:01.120+0000] {dag.py:3954} INFO - Setting next_dagrun for first_dag to 2025-01-07 00:00:00+00:00, run_after=2025-01-08 00:00:00+00:00
[2025-01-07T13:48:01.164+0000] {processor.py:183} INFO - Processing /opt/airflow/dags/first_dag.py took 0.137 seconds
[2025-01-07T13:48:31.436+0000] {processor.py:161} INFO - Started process (PID=2100) to work on /opt/airflow/dags/first_dag.py
[2025-01-07T13:48:31.437+0000] {processor.py:830} INFO - Processing file /opt/airflow/dags/first_dag.py for tasks to queue
[2025-01-07T13:48:31.438+0000] {logging_mixin.py:188} INFO - [2025-01-07T13:48:31.438+0000] {dagbag.py:545} INFO - Filling up the DagBag from /opt/airflow/dags/first_dag.py
[2025-01-07T13:48:31.468+0000] {processor.py:840} INFO - DAG(s) 'first_dag' retrieved from /opt/airflow/dags/first_dag.py
[2025-01-07T13:48:31.500+0000] {logging_mixin.py:188} INFO - [2025-01-07T13:48:31.500+0000] {dag.py:3096} INFO - Sync 1 DAGs
[2025-01-07T13:48:31.530+0000] {logging_mixin.py:188} INFO - [2025-01-07T13:48:31.529+0000] {dag.py:3954} INFO - Setting next_dagrun for first_dag to 2025-01-07 00:00:00+00:00, run_after=2025-01-08 00:00:00+00:00
[2025-01-07T13:48:31.554+0000] {processor.py:183} INFO - Processing /opt/airflow/dags/first_dag.py took 0.124 seconds
[2025-01-07T13:49:01.757+0000] {processor.py:161} INFO - Started process (PID=2108) to work on /opt/airflow/dags/first_dag.py
[2025-01-07T13:49:01.758+0000] {processor.py:830} INFO - Processing file /opt/airflow/dags/first_dag.py for tasks to queue
[2025-01-07T13:49:01.759+0000] {logging_mixin.py:188} INFO - [2025-01-07T13:49:01.759+0000] {dagbag.py:545} INFO - Filling up the DagBag from /opt/airflow/dags/first_dag.py
[2025-01-07T13:49:01.786+0000] {processor.py:840} INFO - DAG(s) 'first_dag' retrieved from /opt/airflow/dags/first_dag.py
[2025-01-07T13:49:01.823+0000] {logging_mixin.py:188} INFO - [2025-01-07T13:49:01.822+0000] {dag.py:3096} INFO - Sync 1 DAGs
[2025-01-07T13:49:01.863+0000] {logging_mixin.py:188} INFO - [2025-01-07T13:49:01.862+0000] {dag.py:3954} INFO - Setting next_dagrun for first_dag to 2025-01-07 00:00:00+00:00, run_after=2025-01-08 00:00:00+00:00
[2025-01-07T13:49:01.894+0000] {processor.py:183} INFO - Processing /opt/airflow/dags/first_dag.py took 0.142 seconds
[2025-01-07T13:49:32.097+0000] {processor.py:161} INFO - Started process (PID=2116) to work on /opt/airflow/dags/first_dag.py
[2025-01-07T13:49:32.097+0000] {processor.py:830} INFO - Processing file /opt/airflow/dags/first_dag.py for tasks to queue
[2025-01-07T13:49:32.099+0000] {logging_mixin.py:188} INFO - [2025-01-07T13:49:32.098+0000] {dagbag.py:545} INFO - Filling up the DagBag from /opt/airflow/dags/first_dag.py
[2025-01-07T13:49:32.125+0000] {processor.py:840} INFO - DAG(s) 'first_dag' retrieved from /opt/airflow/dags/first_dag.py
[2025-01-07T13:49:32.155+0000] {logging_mixin.py:188} INFO - [2025-01-07T13:49:32.154+0000] {dag.py:3096} INFO - Sync 1 DAGs
[2025-01-07T13:49:32.181+0000] {logging_mixin.py:188} INFO - [2025-01-07T13:49:32.181+0000] {dag.py:3954} INFO - Setting next_dagrun for first_dag to 2025-01-07 00:00:00+00:00, run_after=2025-01-08 00:00:00+00:00
[2025-01-07T13:49:32.208+0000] {processor.py:183} INFO - Processing /opt/airflow/dags/first_dag.py took 0.117 seconds
[2025-01-07T13:50:02.425+0000] {processor.py:161} INFO - Started process (PID=2124) to work on /opt/airflow/dags/first_dag.py
[2025-01-07T13:50:02.426+0000] {processor.py:830} INFO - Processing file /opt/airflow/dags/first_dag.py for tasks to queue
[2025-01-07T13:50:02.430+0000] {logging_mixin.py:188} INFO - [2025-01-07T13:50:02.429+0000] {dagbag.py:545} INFO - Filling up the DagBag from /opt/airflow/dags/first_dag.py
[2025-01-07T13:50:02.456+0000] {processor.py:840} INFO - DAG(s) 'first_dag' retrieved from /opt/airflow/dags/first_dag.py
[2025-01-07T13:50:02.496+0000] {logging_mixin.py:188} INFO - [2025-01-07T13:50:02.495+0000] {dag.py:3096} INFO - Sync 1 DAGs
[2025-01-07T13:50:02.532+0000] {logging_mixin.py:188} INFO - [2025-01-07T13:50:02.532+0000] {dag.py:3954} INFO - Setting next_dagrun for first_dag to 2025-01-07 00:00:00+00:00, run_after=2025-01-08 00:00:00+00:00
[2025-01-07T13:50:02.562+0000] {processor.py:183} INFO - Processing /opt/airflow/dags/first_dag.py took 0.143 seconds
[2025-01-07T13:50:32.778+0000] {processor.py:161} INFO - Started process (PID=2132) to work on /opt/airflow/dags/first_dag.py
[2025-01-07T13:50:32.780+0000] {processor.py:830} INFO - Processing file /opt/airflow/dags/first_dag.py for tasks to queue
[2025-01-07T13:50:32.781+0000] {logging_mixin.py:188} INFO - [2025-01-07T13:50:32.781+0000] {dagbag.py:545} INFO - Filling up the DagBag from /opt/airflow/dags/first_dag.py
[2025-01-07T13:50:32.815+0000] {processor.py:840} INFO - DAG(s) 'first_dag' retrieved from /opt/airflow/dags/first_dag.py
[2025-01-07T13:50:32.862+0000] {logging_mixin.py:188} INFO - [2025-01-07T13:50:32.861+0000] {dag.py:3096} INFO - Sync 1 DAGs
[2025-01-07T13:50:32.895+0000] {logging_mixin.py:188} INFO - [2025-01-07T13:50:32.894+0000] {dag.py:3954} INFO - Setting next_dagrun for first_dag to 2025-01-07 00:00:00+00:00, run_after=2025-01-08 00:00:00+00:00
[2025-01-07T13:50:32.927+0000] {processor.py:183} INFO - Processing /opt/airflow/dags/first_dag.py took 0.155 seconds
[2025-01-07T13:51:03.131+0000] {processor.py:161} INFO - Started process (PID=2140) to work on /opt/airflow/dags/first_dag.py
[2025-01-07T13:51:03.131+0000] {processor.py:830} INFO - Processing file /opt/airflow/dags/first_dag.py for tasks to queue
[2025-01-07T13:51:03.133+0000] {logging_mixin.py:188} INFO - [2025-01-07T13:51:03.132+0000] {dagbag.py:545} INFO - Filling up the DagBag from /opt/airflow/dags/first_dag.py
[2025-01-07T13:51:03.156+0000] {processor.py:840} INFO - DAG(s) 'first_dag' retrieved from /opt/airflow/dags/first_dag.py
[2025-01-07T13:51:03.191+0000] {logging_mixin.py:188} INFO - [2025-01-07T13:51:03.191+0000] {dag.py:3096} INFO - Sync 1 DAGs
[2025-01-07T13:51:03.222+0000] {logging_mixin.py:188} INFO - [2025-01-07T13:51:03.222+0000] {dag.py:3954} INFO - Setting next_dagrun for first_dag to 2025-01-07 00:00:00+00:00, run_after=2025-01-08 00:00:00+00:00
[2025-01-07T13:51:03.254+0000] {processor.py:183} INFO - Processing /opt/airflow/dags/first_dag.py took 0.130 seconds
[2025-01-07T13:51:33.456+0000] {processor.py:161} INFO - Started process (PID=2148) to work on /opt/airflow/dags/first_dag.py
[2025-01-07T13:51:33.457+0000] {processor.py:830} INFO - Processing file /opt/airflow/dags/first_dag.py for tasks to queue
[2025-01-07T13:51:33.458+0000] {logging_mixin.py:188} INFO - [2025-01-07T13:51:33.458+0000] {dagbag.py:545} INFO - Filling up the DagBag from /opt/airflow/dags/first_dag.py
[2025-01-07T13:51:33.483+0000] {processor.py:840} INFO - DAG(s) 'first_dag' retrieved from /opt/airflow/dags/first_dag.py
[2025-01-07T13:51:33.515+0000] {logging_mixin.py:188} INFO - [2025-01-07T13:51:33.515+0000] {dag.py:3096} INFO - Sync 1 DAGs
[2025-01-07T13:51:33.544+0000] {logging_mixin.py:188} INFO - [2025-01-07T13:51:33.543+0000] {dag.py:3954} INFO - Setting next_dagrun for first_dag to 2025-01-07 00:00:00+00:00, run_after=2025-01-08 00:00:00+00:00
[2025-01-07T13:51:33.571+0000] {processor.py:183} INFO - Processing /opt/airflow/dags/first_dag.py took 0.121 seconds
[2025-01-07T13:52:03.791+0000] {processor.py:161} INFO - Started process (PID=2156) to work on /opt/airflow/dags/first_dag.py
[2025-01-07T13:52:03.792+0000] {processor.py:830} INFO - Processing file /opt/airflow/dags/first_dag.py for tasks to queue
[2025-01-07T13:52:03.795+0000] {logging_mixin.py:188} INFO - [2025-01-07T13:52:03.794+0000] {dagbag.py:545} INFO - Filling up the DagBag from /opt/airflow/dags/first_dag.py
[2025-01-07T13:52:03.822+0000] {processor.py:840} INFO - DAG(s) 'first_dag' retrieved from /opt/airflow/dags/first_dag.py
[2025-01-07T13:52:03.855+0000] {logging_mixin.py:188} INFO - [2025-01-07T13:52:03.854+0000] {dag.py:3096} INFO - Sync 1 DAGs
[2025-01-07T13:52:03.886+0000] {logging_mixin.py:188} INFO - [2025-01-07T13:52:03.885+0000] {dag.py:3954} INFO - Setting next_dagrun for first_dag to 2025-01-07 00:00:00+00:00, run_after=2025-01-08 00:00:00+00:00
[2025-01-07T13:52:03.916+0000] {processor.py:183} INFO - Processing /opt/airflow/dags/first_dag.py took 0.131 seconds
[2025-01-07T13:52:34.130+0000] {processor.py:161} INFO - Started process (PID=2164) to work on /opt/airflow/dags/first_dag.py
[2025-01-07T13:52:34.131+0000] {processor.py:830} INFO - Processing file /opt/airflow/dags/first_dag.py for tasks to queue
[2025-01-07T13:52:34.132+0000] {logging_mixin.py:188} INFO - [2025-01-07T13:52:34.132+0000] {dagbag.py:545} INFO - Filling up the DagBag from /opt/airflow/dags/first_dag.py
[2025-01-07T13:52:34.161+0000] {processor.py:840} INFO - DAG(s) 'first_dag' retrieved from /opt/airflow/dags/first_dag.py
[2025-01-07T13:52:34.193+0000] {logging_mixin.py:188} INFO - [2025-01-07T13:52:34.193+0000] {dag.py:3096} INFO - Sync 1 DAGs
[2025-01-07T13:52:34.221+0000] {logging_mixin.py:188} INFO - [2025-01-07T13:52:34.221+0000] {dag.py:3954} INFO - Setting next_dagrun for first_dag to 2025-01-07 00:00:00+00:00, run_after=2025-01-08 00:00:00+00:00
[2025-01-07T13:52:34.248+0000] {processor.py:183} INFO - Processing /opt/airflow/dags/first_dag.py took 0.125 seconds
[2025-01-07T13:53:04.491+0000] {processor.py:161} INFO - Started process (PID=2178) to work on /opt/airflow/dags/first_dag.py
[2025-01-07T13:53:04.492+0000] {processor.py:830} INFO - Processing file /opt/airflow/dags/first_dag.py for tasks to queue
[2025-01-07T13:53:04.493+0000] {logging_mixin.py:188} INFO - [2025-01-07T13:53:04.493+0000] {dagbag.py:545} INFO - Filling up the DagBag from /opt/airflow/dags/first_dag.py
[2025-01-07T13:53:04.520+0000] {processor.py:840} INFO - DAG(s) 'first_dag' retrieved from /opt/airflow/dags/first_dag.py
[2025-01-07T13:53:04.553+0000] {logging_mixin.py:188} INFO - [2025-01-07T13:53:04.553+0000] {dag.py:3096} INFO - Sync 1 DAGs
[2025-01-07T13:53:04.591+0000] {logging_mixin.py:188} INFO - [2025-01-07T13:53:04.591+0000] {dag.py:3954} INFO - Setting next_dagrun for first_dag to 2025-01-07 00:00:00+00:00, run_after=2025-01-08 00:00:00+00:00
[2025-01-07T13:53:04.622+0000] {processor.py:183} INFO - Processing /opt/airflow/dags/first_dag.py took 0.136 seconds
[2025-01-07T13:53:34.909+0000] {processor.py:161} INFO - Started process (PID=2186) to work on /opt/airflow/dags/first_dag.py
[2025-01-07T13:53:34.910+0000] {processor.py:830} INFO - Processing file /opt/airflow/dags/first_dag.py for tasks to queue
[2025-01-07T13:53:34.911+0000] {logging_mixin.py:188} INFO - [2025-01-07T13:53:34.911+0000] {dagbag.py:545} INFO - Filling up the DagBag from /opt/airflow/dags/first_dag.py
[2025-01-07T13:53:34.939+0000] {processor.py:840} INFO - DAG(s) 'first_dag' retrieved from /opt/airflow/dags/first_dag.py
[2025-01-07T13:53:34.974+0000] {logging_mixin.py:188} INFO - [2025-01-07T13:53:34.973+0000] {dag.py:3096} INFO - Sync 1 DAGs
[2025-01-07T13:53:35.006+0000] {logging_mixin.py:188} INFO - [2025-01-07T13:53:35.006+0000] {dag.py:3954} INFO - Setting next_dagrun for first_dag to 2025-01-07 00:00:00+00:00, run_after=2025-01-08 00:00:00+00:00
[2025-01-07T13:53:35.032+0000] {processor.py:183} INFO - Processing /opt/airflow/dags/first_dag.py took 0.131 seconds
[2025-01-07T13:54:05.248+0000] {processor.py:161} INFO - Started process (PID=2194) to work on /opt/airflow/dags/first_dag.py
[2025-01-07T13:54:05.249+0000] {processor.py:830} INFO - Processing file /opt/airflow/dags/first_dag.py for tasks to queue
[2025-01-07T13:54:05.250+0000] {logging_mixin.py:188} INFO - [2025-01-07T13:54:05.250+0000] {dagbag.py:545} INFO - Filling up the DagBag from /opt/airflow/dags/first_dag.py
[2025-01-07T13:54:05.275+0000] {processor.py:840} INFO - DAG(s) 'first_dag' retrieved from /opt/airflow/dags/first_dag.py
[2025-01-07T13:54:05.307+0000] {logging_mixin.py:188} INFO - [2025-01-07T13:54:05.307+0000] {dag.py:3096} INFO - Sync 1 DAGs
[2025-01-07T13:54:05.335+0000] {logging_mixin.py:188} INFO - [2025-01-07T13:54:05.334+0000] {dag.py:3954} INFO - Setting next_dagrun for first_dag to 2025-01-07 00:00:00+00:00, run_after=2025-01-08 00:00:00+00:00
[2025-01-07T13:54:05.360+0000] {processor.py:183} INFO - Processing /opt/airflow/dags/first_dag.py took 0.118 seconds
[2025-01-07T13:54:35.585+0000] {processor.py:161} INFO - Started process (PID=2203) to work on /opt/airflow/dags/first_dag.py
[2025-01-07T13:54:35.586+0000] {processor.py:830} INFO - Processing file /opt/airflow/dags/first_dag.py for tasks to queue
[2025-01-07T13:54:35.587+0000] {logging_mixin.py:188} INFO - [2025-01-07T13:54:35.587+0000] {dagbag.py:545} INFO - Filling up the DagBag from /opt/airflow/dags/first_dag.py
[2025-01-07T13:54:35.616+0000] {processor.py:840} INFO - DAG(s) 'first_dag' retrieved from /opt/airflow/dags/first_dag.py
[2025-01-07T13:54:35.650+0000] {logging_mixin.py:188} INFO - [2025-01-07T13:54:35.650+0000] {dag.py:3096} INFO - Sync 1 DAGs
[2025-01-07T13:54:35.680+0000] {logging_mixin.py:188} INFO - [2025-01-07T13:54:35.680+0000] {dag.py:3954} INFO - Setting next_dagrun for first_dag to 2025-01-07 00:00:00+00:00, run_after=2025-01-08 00:00:00+00:00
[2025-01-07T13:54:35.706+0000] {processor.py:183} INFO - Processing /opt/airflow/dags/first_dag.py took 0.126 seconds
[2025-01-07T13:55:05.919+0000] {processor.py:161} INFO - Started process (PID=2211) to work on /opt/airflow/dags/first_dag.py
[2025-01-07T13:55:05.920+0000] {processor.py:830} INFO - Processing file /opt/airflow/dags/first_dag.py for tasks to queue
[2025-01-07T13:55:05.922+0000] {logging_mixin.py:188} INFO - [2025-01-07T13:55:05.921+0000] {dagbag.py:545} INFO - Filling up the DagBag from /opt/airflow/dags/first_dag.py
[2025-01-07T13:55:05.947+0000] {processor.py:840} INFO - DAG(s) 'first_dag' retrieved from /opt/airflow/dags/first_dag.py
[2025-01-07T13:55:05.979+0000] {logging_mixin.py:188} INFO - [2025-01-07T13:55:05.978+0000] {dag.py:3096} INFO - Sync 1 DAGs
[2025-01-07T13:55:06.005+0000] {logging_mixin.py:188} INFO - [2025-01-07T13:55:06.005+0000] {dag.py:3954} INFO - Setting next_dagrun for first_dag to 2025-01-07 00:00:00+00:00, run_after=2025-01-08 00:00:00+00:00
[2025-01-07T13:55:06.031+0000] {processor.py:183} INFO - Processing /opt/airflow/dags/first_dag.py took 0.117 seconds
[2025-01-07T13:55:36.263+0000] {processor.py:161} INFO - Started process (PID=2219) to work on /opt/airflow/dags/first_dag.py
[2025-01-07T13:55:36.264+0000] {processor.py:830} INFO - Processing file /opt/airflow/dags/first_dag.py for tasks to queue
[2025-01-07T13:55:36.266+0000] {logging_mixin.py:188} INFO - [2025-01-07T13:55:36.266+0000] {dagbag.py:545} INFO - Filling up the DagBag from /opt/airflow/dags/first_dag.py
[2025-01-07T13:55:36.291+0000] {processor.py:840} INFO - DAG(s) 'first_dag' retrieved from /opt/airflow/dags/first_dag.py
[2025-01-07T13:55:36.321+0000] {logging_mixin.py:188} INFO - [2025-01-07T13:55:36.320+0000] {dag.py:3096} INFO - Sync 1 DAGs
[2025-01-07T13:55:36.348+0000] {logging_mixin.py:188} INFO - [2025-01-07T13:55:36.348+0000] {dag.py:3954} INFO - Setting next_dagrun for first_dag to 2025-01-07 00:00:00+00:00, run_after=2025-01-08 00:00:00+00:00
[2025-01-07T13:55:36.374+0000] {processor.py:183} INFO - Processing /opt/airflow/dags/first_dag.py took 0.116 seconds
[2025-01-07T13:56:06.580+0000] {processor.py:161} INFO - Started process (PID=2227) to work on /opt/airflow/dags/first_dag.py
[2025-01-07T13:56:06.581+0000] {processor.py:830} INFO - Processing file /opt/airflow/dags/first_dag.py for tasks to queue
[2025-01-07T13:56:06.582+0000] {logging_mixin.py:188} INFO - [2025-01-07T13:56:06.581+0000] {dagbag.py:545} INFO - Filling up the DagBag from /opt/airflow/dags/first_dag.py
[2025-01-07T13:56:06.613+0000] {processor.py:840} INFO - DAG(s) 'first_dag' retrieved from /opt/airflow/dags/first_dag.py
[2025-01-07T13:56:06.649+0000] {logging_mixin.py:188} INFO - [2025-01-07T13:56:06.648+0000] {dag.py:3096} INFO - Sync 1 DAGs
[2025-01-07T13:56:06.685+0000] {logging_mixin.py:188} INFO - [2025-01-07T13:56:06.684+0000] {dag.py:3954} INFO - Setting next_dagrun for first_dag to 2025-01-07 00:00:00+00:00, run_after=2025-01-08 00:00:00+00:00
[2025-01-07T13:56:06.718+0000] {processor.py:183} INFO - Processing /opt/airflow/dags/first_dag.py took 0.145 seconds
[2025-01-07T13:56:36.927+0000] {processor.py:161} INFO - Started process (PID=2235) to work on /opt/airflow/dags/first_dag.py
[2025-01-07T13:56:36.927+0000] {processor.py:830} INFO - Processing file /opt/airflow/dags/first_dag.py for tasks to queue
[2025-01-07T13:56:36.929+0000] {logging_mixin.py:188} INFO - [2025-01-07T13:56:36.929+0000] {dagbag.py:545} INFO - Filling up the DagBag from /opt/airflow/dags/first_dag.py
[2025-01-07T13:56:36.961+0000] {processor.py:840} INFO - DAG(s) 'first_dag' retrieved from /opt/airflow/dags/first_dag.py
[2025-01-07T13:56:36.999+0000] {logging_mixin.py:188} INFO - [2025-01-07T13:56:36.998+0000] {dag.py:3096} INFO - Sync 1 DAGs
[2025-01-07T13:56:37.026+0000] {logging_mixin.py:188} INFO - [2025-01-07T13:56:37.026+0000] {dag.py:3954} INFO - Setting next_dagrun for first_dag to 2025-01-07 00:00:00+00:00, run_after=2025-01-08 00:00:00+00:00
[2025-01-07T13:56:37.051+0000] {processor.py:183} INFO - Processing /opt/airflow/dags/first_dag.py took 0.132 seconds
[2025-01-07T13:57:07.257+0000] {processor.py:161} INFO - Started process (PID=2243) to work on /opt/airflow/dags/first_dag.py
[2025-01-07T13:57:07.258+0000] {processor.py:830} INFO - Processing file /opt/airflow/dags/first_dag.py for tasks to queue
[2025-01-07T13:57:07.259+0000] {logging_mixin.py:188} INFO - [2025-01-07T13:57:07.259+0000] {dagbag.py:545} INFO - Filling up the DagBag from /opt/airflow/dags/first_dag.py
[2025-01-07T13:57:07.286+0000] {processor.py:840} INFO - DAG(s) 'first_dag' retrieved from /opt/airflow/dags/first_dag.py
[2025-01-07T13:57:07.313+0000] {logging_mixin.py:188} INFO - [2025-01-07T13:57:07.313+0000] {dag.py:3096} INFO - Sync 1 DAGs
[2025-01-07T13:57:07.340+0000] {logging_mixin.py:188} INFO - [2025-01-07T13:57:07.340+0000] {dag.py:3954} INFO - Setting next_dagrun for first_dag to 2025-01-07 00:00:00+00:00, run_after=2025-01-08 00:00:00+00:00
[2025-01-07T13:57:07.364+0000] {processor.py:183} INFO - Processing /opt/airflow/dags/first_dag.py took 0.113 seconds
[2025-01-07T13:57:37.584+0000] {processor.py:161} INFO - Started process (PID=2251) to work on /opt/airflow/dags/first_dag.py
[2025-01-07T13:57:37.585+0000] {processor.py:830} INFO - Processing file /opt/airflow/dags/first_dag.py for tasks to queue
[2025-01-07T13:57:37.587+0000] {logging_mixin.py:188} INFO - [2025-01-07T13:57:37.586+0000] {dagbag.py:545} INFO - Filling up the DagBag from /opt/airflow/dags/first_dag.py
[2025-01-07T13:57:37.614+0000] {processor.py:840} INFO - DAG(s) 'first_dag' retrieved from /opt/airflow/dags/first_dag.py
[2025-01-07T13:57:37.645+0000] {logging_mixin.py:188} INFO - [2025-01-07T13:57:37.645+0000] {dag.py:3096} INFO - Sync 1 DAGs
[2025-01-07T13:57:37.676+0000] {logging_mixin.py:188} INFO - [2025-01-07T13:57:37.676+0000] {dag.py:3954} INFO - Setting next_dagrun for first_dag to 2025-01-07 00:00:00+00:00, run_after=2025-01-08 00:00:00+00:00
[2025-01-07T13:57:37.709+0000] {processor.py:183} INFO - Processing /opt/airflow/dags/first_dag.py took 0.130 seconds
[2025-01-07T13:58:07.920+0000] {processor.py:161} INFO - Started process (PID=2259) to work on /opt/airflow/dags/first_dag.py
[2025-01-07T13:58:07.921+0000] {processor.py:830} INFO - Processing file /opt/airflow/dags/first_dag.py for tasks to queue
[2025-01-07T13:58:07.922+0000] {logging_mixin.py:188} INFO - [2025-01-07T13:58:07.922+0000] {dagbag.py:545} INFO - Filling up the DagBag from /opt/airflow/dags/first_dag.py
[2025-01-07T13:58:07.948+0000] {processor.py:840} INFO - DAG(s) 'first_dag' retrieved from /opt/airflow/dags/first_dag.py
[2025-01-07T13:58:07.978+0000] {logging_mixin.py:188} INFO - [2025-01-07T13:58:07.978+0000] {dag.py:3096} INFO - Sync 1 DAGs
[2025-01-07T13:58:08.006+0000] {logging_mixin.py:188} INFO - [2025-01-07T13:58:08.006+0000] {dag.py:3954} INFO - Setting next_dagrun for first_dag to 2025-01-07 00:00:00+00:00, run_after=2025-01-08 00:00:00+00:00
[2025-01-07T13:58:08.034+0000] {processor.py:183} INFO - Processing /opt/airflow/dags/first_dag.py took 0.120 seconds
[2025-01-07T13:58:38.310+0000] {processor.py:161} INFO - Started process (PID=2267) to work on /opt/airflow/dags/first_dag.py
[2025-01-07T13:58:38.311+0000] {processor.py:830} INFO - Processing file /opt/airflow/dags/first_dag.py for tasks to queue
[2025-01-07T13:58:38.313+0000] {logging_mixin.py:188} INFO - [2025-01-07T13:58:38.312+0000] {dagbag.py:545} INFO - Filling up the DagBag from /opt/airflow/dags/first_dag.py
[2025-01-07T13:58:38.339+0000] {processor.py:840} INFO - DAG(s) 'first_dag' retrieved from /opt/airflow/dags/first_dag.py
[2025-01-07T13:58:38.370+0000] {logging_mixin.py:188} INFO - [2025-01-07T13:58:38.370+0000] {dag.py:3096} INFO - Sync 1 DAGs
[2025-01-07T13:58:38.396+0000] {logging_mixin.py:188} INFO - [2025-01-07T13:58:38.396+0000] {dag.py:3954} INFO - Setting next_dagrun for first_dag to 2025-01-07 00:00:00+00:00, run_after=2025-01-08 00:00:00+00:00
[2025-01-07T13:58:38.423+0000] {processor.py:183} INFO - Processing /opt/airflow/dags/first_dag.py took 0.119 seconds
[2025-01-07T13:59:08.668+0000] {processor.py:161} INFO - Started process (PID=2275) to work on /opt/airflow/dags/first_dag.py
[2025-01-07T13:59:08.669+0000] {processor.py:830} INFO - Processing file /opt/airflow/dags/first_dag.py for tasks to queue
[2025-01-07T13:59:08.670+0000] {logging_mixin.py:188} INFO - [2025-01-07T13:59:08.670+0000] {dagbag.py:545} INFO - Filling up the DagBag from /opt/airflow/dags/first_dag.py
[2025-01-07T13:59:08.696+0000] {processor.py:840} INFO - DAG(s) 'first_dag' retrieved from /opt/airflow/dags/first_dag.py
[2025-01-07T13:59:08.734+0000] {logging_mixin.py:188} INFO - [2025-01-07T13:59:08.734+0000] {dag.py:3096} INFO - Sync 1 DAGs
[2025-01-07T13:59:08.765+0000] {logging_mixin.py:188} INFO - [2025-01-07T13:59:08.764+0000] {dag.py:3954} INFO - Setting next_dagrun for first_dag to 2025-01-07 00:00:00+00:00, run_after=2025-01-08 00:00:00+00:00
[2025-01-07T13:59:08.793+0000] {processor.py:183} INFO - Processing /opt/airflow/dags/first_dag.py took 0.137 seconds
[2025-01-07T13:59:39.006+0000] {processor.py:161} INFO - Started process (PID=2283) to work on /opt/airflow/dags/first_dag.py
[2025-01-07T13:59:39.007+0000] {processor.py:830} INFO - Processing file /opt/airflow/dags/first_dag.py for tasks to queue
[2025-01-07T13:59:39.008+0000] {logging_mixin.py:188} INFO - [2025-01-07T13:59:39.007+0000] {dagbag.py:545} INFO - Filling up the DagBag from /opt/airflow/dags/first_dag.py
[2025-01-07T13:59:39.031+0000] {processor.py:840} INFO - DAG(s) 'first_dag' retrieved from /opt/airflow/dags/first_dag.py
[2025-01-07T13:59:39.063+0000] {logging_mixin.py:188} INFO - [2025-01-07T13:59:39.063+0000] {dag.py:3096} INFO - Sync 1 DAGs
[2025-01-07T13:59:39.090+0000] {logging_mixin.py:188} INFO - [2025-01-07T13:59:39.089+0000] {dag.py:3954} INFO - Setting next_dagrun for first_dag to 2025-01-07 00:00:00+00:00, run_after=2025-01-08 00:00:00+00:00
[2025-01-07T13:59:39.117+0000] {processor.py:183} INFO - Processing /opt/airflow/dags/first_dag.py took 0.117 seconds
[2025-01-07T14:00:09.350+0000] {processor.py:161} INFO - Started process (PID=2291) to work on /opt/airflow/dags/first_dag.py
[2025-01-07T14:00:09.351+0000] {processor.py:830} INFO - Processing file /opt/airflow/dags/first_dag.py for tasks to queue
[2025-01-07T14:00:09.353+0000] {logging_mixin.py:188} INFO - [2025-01-07T14:00:09.352+0000] {dagbag.py:545} INFO - Filling up the DagBag from /opt/airflow/dags/first_dag.py
[2025-01-07T14:00:09.378+0000] {processor.py:840} INFO - DAG(s) 'first_dag' retrieved from /opt/airflow/dags/first_dag.py
[2025-01-07T14:00:09.408+0000] {logging_mixin.py:188} INFO - [2025-01-07T14:00:09.407+0000] {dag.py:3096} INFO - Sync 1 DAGs
[2025-01-07T14:00:09.433+0000] {logging_mixin.py:188} INFO - [2025-01-07T14:00:09.433+0000] {dag.py:3954} INFO - Setting next_dagrun for first_dag to 2025-01-07 00:00:00+00:00, run_after=2025-01-08 00:00:00+00:00
[2025-01-07T14:00:09.457+0000] {processor.py:183} INFO - Processing /opt/airflow/dags/first_dag.py took 0.112 seconds
[2025-01-07T14:00:39.661+0000] {processor.py:161} INFO - Started process (PID=2299) to work on /opt/airflow/dags/first_dag.py
[2025-01-07T14:00:39.662+0000] {processor.py:830} INFO - Processing file /opt/airflow/dags/first_dag.py for tasks to queue
[2025-01-07T14:00:39.663+0000] {logging_mixin.py:188} INFO - [2025-01-07T14:00:39.663+0000] {dagbag.py:545} INFO - Filling up the DagBag from /opt/airflow/dags/first_dag.py
[2025-01-07T14:00:39.687+0000] {processor.py:840} INFO - DAG(s) 'first_dag' retrieved from /opt/airflow/dags/first_dag.py
[2025-01-07T14:00:39.722+0000] {logging_mixin.py:188} INFO - [2025-01-07T14:00:39.722+0000] {dag.py:3096} INFO - Sync 1 DAGs
[2025-01-07T14:00:39.756+0000] {logging_mixin.py:188} INFO - [2025-01-07T14:00:39.755+0000] {dag.py:3954} INFO - Setting next_dagrun for first_dag to 2025-01-07 00:00:00+00:00, run_after=2025-01-08 00:00:00+00:00
[2025-01-07T14:00:39.779+0000] {processor.py:183} INFO - Processing /opt/airflow/dags/first_dag.py took 0.124 seconds
[2025-01-07T14:01:09.986+0000] {processor.py:161} INFO - Started process (PID=2307) to work on /opt/airflow/dags/first_dag.py
[2025-01-07T14:01:09.987+0000] {processor.py:830} INFO - Processing file /opt/airflow/dags/first_dag.py for tasks to queue
[2025-01-07T14:01:09.988+0000] {logging_mixin.py:188} INFO - [2025-01-07T14:01:09.988+0000] {dagbag.py:545} INFO - Filling up the DagBag from /opt/airflow/dags/first_dag.py
[2025-01-07T14:01:10.021+0000] {processor.py:840} INFO - DAG(s) 'first_dag' retrieved from /opt/airflow/dags/first_dag.py
[2025-01-07T14:01:10.054+0000] {logging_mixin.py:188} INFO - [2025-01-07T14:01:10.054+0000] {dag.py:3096} INFO - Sync 1 DAGs
[2025-01-07T14:01:10.088+0000] {logging_mixin.py:188} INFO - [2025-01-07T14:01:10.088+0000] {dag.py:3954} INFO - Setting next_dagrun for first_dag to 2025-01-07 00:00:00+00:00, run_after=2025-01-08 00:00:00+00:00
[2025-01-07T14:01:10.120+0000] {processor.py:183} INFO - Processing /opt/airflow/dags/first_dag.py took 0.141 seconds
[2025-01-07T14:01:40.322+0000] {processor.py:161} INFO - Started process (PID=2315) to work on /opt/airflow/dags/first_dag.py
[2025-01-07T14:01:40.323+0000] {processor.py:830} INFO - Processing file /opt/airflow/dags/first_dag.py for tasks to queue
[2025-01-07T14:01:40.324+0000] {logging_mixin.py:188} INFO - [2025-01-07T14:01:40.323+0000] {dagbag.py:545} INFO - Filling up the DagBag from /opt/airflow/dags/first_dag.py
[2025-01-07T14:01:40.350+0000] {processor.py:840} INFO - DAG(s) 'first_dag' retrieved from /opt/airflow/dags/first_dag.py
[2025-01-07T14:01:40.381+0000] {logging_mixin.py:188} INFO - [2025-01-07T14:01:40.381+0000] {dag.py:3096} INFO - Sync 1 DAGs
[2025-01-07T14:01:40.410+0000] {logging_mixin.py:188} INFO - [2025-01-07T14:01:40.410+0000] {dag.py:3954} INFO - Setting next_dagrun for first_dag to 2025-01-07 00:00:00+00:00, run_after=2025-01-08 00:00:00+00:00
[2025-01-07T14:01:40.432+0000] {processor.py:183} INFO - Processing /opt/airflow/dags/first_dag.py took 0.116 seconds
[2025-01-07T14:02:10.625+0000] {processor.py:161} INFO - Started process (PID=2323) to work on /opt/airflow/dags/first_dag.py
[2025-01-07T14:02:10.626+0000] {processor.py:830} INFO - Processing file /opt/airflow/dags/first_dag.py for tasks to queue
[2025-01-07T14:02:10.628+0000] {logging_mixin.py:188} INFO - [2025-01-07T14:02:10.627+0000] {dagbag.py:545} INFO - Filling up the DagBag from /opt/airflow/dags/first_dag.py
[2025-01-07T14:02:10.653+0000] {processor.py:840} INFO - DAG(s) 'first_dag' retrieved from /opt/airflow/dags/first_dag.py
[2025-01-07T14:02:10.683+0000] {logging_mixin.py:188} INFO - [2025-01-07T14:02:10.682+0000] {dag.py:3096} INFO - Sync 1 DAGs
[2025-01-07T14:02:10.711+0000] {logging_mixin.py:188} INFO - [2025-01-07T14:02:10.711+0000] {dag.py:3954} INFO - Setting next_dagrun for first_dag to 2025-01-07 00:00:00+00:00, run_after=2025-01-08 00:00:00+00:00
[2025-01-07T14:02:10.734+0000] {processor.py:183} INFO - Processing /opt/airflow/dags/first_dag.py took 0.115 seconds
[2025-01-07T14:02:40.939+0000] {processor.py:161} INFO - Started process (PID=2331) to work on /opt/airflow/dags/first_dag.py
[2025-01-07T14:02:40.939+0000] {processor.py:830} INFO - Processing file /opt/airflow/dags/first_dag.py for tasks to queue
[2025-01-07T14:02:40.940+0000] {logging_mixin.py:188} INFO - [2025-01-07T14:02:40.940+0000] {dagbag.py:545} INFO - Filling up the DagBag from /opt/airflow/dags/first_dag.py
[2025-01-07T14:02:40.965+0000] {processor.py:840} INFO - DAG(s) 'first_dag' retrieved from /opt/airflow/dags/first_dag.py
[2025-01-07T14:02:40.994+0000] {logging_mixin.py:188} INFO - [2025-01-07T14:02:40.994+0000] {dag.py:3096} INFO - Sync 1 DAGs
[2025-01-07T14:02:41.021+0000] {logging_mixin.py:188} INFO - [2025-01-07T14:02:41.020+0000] {dag.py:3954} INFO - Setting next_dagrun for first_dag to 2025-01-07 00:00:00+00:00, run_after=2025-01-08 00:00:00+00:00
[2025-01-07T14:02:41.047+0000] {processor.py:183} INFO - Processing /opt/airflow/dags/first_dag.py took 0.113 seconds
[2025-01-07T14:03:11.267+0000] {processor.py:161} INFO - Started process (PID=2339) to work on /opt/airflow/dags/first_dag.py
[2025-01-07T14:03:11.268+0000] {processor.py:830} INFO - Processing file /opt/airflow/dags/first_dag.py for tasks to queue
[2025-01-07T14:03:11.269+0000] {logging_mixin.py:188} INFO - [2025-01-07T14:03:11.268+0000] {dagbag.py:545} INFO - Filling up the DagBag from /opt/airflow/dags/first_dag.py
[2025-01-07T14:03:11.293+0000] {processor.py:840} INFO - DAG(s) 'first_dag' retrieved from /opt/airflow/dags/first_dag.py
[2025-01-07T14:03:11.323+0000] {logging_mixin.py:188} INFO - [2025-01-07T14:03:11.322+0000] {dag.py:3096} INFO - Sync 1 DAGs
[2025-01-07T14:03:11.351+0000] {logging_mixin.py:188} INFO - [2025-01-07T14:03:11.351+0000] {dag.py:3954} INFO - Setting next_dagrun for first_dag to 2025-01-07 00:00:00+00:00, run_after=2025-01-08 00:00:00+00:00
[2025-01-07T14:03:11.375+0000] {processor.py:183} INFO - Processing /opt/airflow/dags/first_dag.py took 0.114 seconds
[2025-01-07T14:03:41.657+0000] {processor.py:161} INFO - Started process (PID=2347) to work on /opt/airflow/dags/first_dag.py
[2025-01-07T14:03:41.658+0000] {processor.py:830} INFO - Processing file /opt/airflow/dags/first_dag.py for tasks to queue
[2025-01-07T14:03:41.659+0000] {logging_mixin.py:188} INFO - [2025-01-07T14:03:41.659+0000] {dagbag.py:545} INFO - Filling up the DagBag from /opt/airflow/dags/first_dag.py
[2025-01-07T14:03:41.684+0000] {processor.py:840} INFO - DAG(s) 'first_dag' retrieved from /opt/airflow/dags/first_dag.py
[2025-01-07T14:03:41.712+0000] {logging_mixin.py:188} INFO - [2025-01-07T14:03:41.711+0000] {dag.py:3096} INFO - Sync 1 DAGs
[2025-01-07T14:03:41.737+0000] {logging_mixin.py:188} INFO - [2025-01-07T14:03:41.737+0000] {dag.py:3954} INFO - Setting next_dagrun for first_dag to 2025-01-07 00:00:00+00:00, run_after=2025-01-08 00:00:00+00:00
[2025-01-07T14:03:41.761+0000] {processor.py:183} INFO - Processing /opt/airflow/dags/first_dag.py took 0.109 seconds
[2025-01-07T14:04:11.987+0000] {processor.py:161} INFO - Started process (PID=2355) to work on /opt/airflow/dags/first_dag.py
[2025-01-07T14:04:11.988+0000] {processor.py:830} INFO - Processing file /opt/airflow/dags/first_dag.py for tasks to queue
[2025-01-07T14:04:11.990+0000] {logging_mixin.py:188} INFO - [2025-01-07T14:04:11.989+0000] {dagbag.py:545} INFO - Filling up the DagBag from /opt/airflow/dags/first_dag.py
[2025-01-07T14:04:12.015+0000] {processor.py:840} INFO - DAG(s) 'first_dag' retrieved from /opt/airflow/dags/first_dag.py
[2025-01-07T14:04:12.049+0000] {logging_mixin.py:188} INFO - [2025-01-07T14:04:12.048+0000] {dag.py:3096} INFO - Sync 1 DAGs
[2025-01-07T14:04:12.078+0000] {logging_mixin.py:188} INFO - [2025-01-07T14:04:12.078+0000] {dag.py:3954} INFO - Setting next_dagrun for first_dag to 2025-01-07 00:00:00+00:00, run_after=2025-01-08 00:00:00+00:00
[2025-01-07T14:04:12.106+0000] {processor.py:183} INFO - Processing /opt/airflow/dags/first_dag.py took 0.125 seconds
[2025-01-07T14:04:42.320+0000] {processor.py:161} INFO - Started process (PID=2363) to work on /opt/airflow/dags/first_dag.py
[2025-01-07T14:04:42.321+0000] {processor.py:830} INFO - Processing file /opt/airflow/dags/first_dag.py for tasks to queue
[2025-01-07T14:04:42.322+0000] {logging_mixin.py:188} INFO - [2025-01-07T14:04:42.321+0000] {dagbag.py:545} INFO - Filling up the DagBag from /opt/airflow/dags/first_dag.py
[2025-01-07T14:04:42.346+0000] {processor.py:840} INFO - DAG(s) 'first_dag' retrieved from /opt/airflow/dags/first_dag.py
[2025-01-07T14:04:42.379+0000] {logging_mixin.py:188} INFO - [2025-01-07T14:04:42.378+0000] {dag.py:3096} INFO - Sync 1 DAGs
[2025-01-07T14:04:42.409+0000] {logging_mixin.py:188} INFO - [2025-01-07T14:04:42.409+0000] {dag.py:3954} INFO - Setting next_dagrun for first_dag to 2025-01-07 00:00:00+00:00, run_after=2025-01-08 00:00:00+00:00
[2025-01-07T14:04:42.434+0000] {processor.py:183} INFO - Processing /opt/airflow/dags/first_dag.py took 0.120 seconds
[2025-01-07T14:05:12.665+0000] {processor.py:161} INFO - Started process (PID=2371) to work on /opt/airflow/dags/first_dag.py
[2025-01-07T14:05:12.666+0000] {processor.py:830} INFO - Processing file /opt/airflow/dags/first_dag.py for tasks to queue
[2025-01-07T14:05:12.667+0000] {logging_mixin.py:188} INFO - [2025-01-07T14:05:12.667+0000] {dagbag.py:545} INFO - Filling up the DagBag from /opt/airflow/dags/first_dag.py
[2025-01-07T14:05:12.693+0000] {processor.py:840} INFO - DAG(s) 'first_dag' retrieved from /opt/airflow/dags/first_dag.py
[2025-01-07T14:05:12.723+0000] {logging_mixin.py:188} INFO - [2025-01-07T14:05:12.723+0000] {dag.py:3096} INFO - Sync 1 DAGs
[2025-01-07T14:05:12.751+0000] {logging_mixin.py:188} INFO - [2025-01-07T14:05:12.751+0000] {dag.py:3954} INFO - Setting next_dagrun for first_dag to 2025-01-07 00:00:00+00:00, run_after=2025-01-08 00:00:00+00:00
[2025-01-07T14:05:12.775+0000] {processor.py:183} INFO - Processing /opt/airflow/dags/first_dag.py took 0.115 seconds
[2025-01-07T14:05:42.989+0000] {processor.py:161} INFO - Started process (PID=2379) to work on /opt/airflow/dags/first_dag.py
[2025-01-07T14:05:42.991+0000] {processor.py:830} INFO - Processing file /opt/airflow/dags/first_dag.py for tasks to queue
[2025-01-07T14:05:42.992+0000] {logging_mixin.py:188} INFO - [2025-01-07T14:05:42.992+0000] {dagbag.py:545} INFO - Filling up the DagBag from /opt/airflow/dags/first_dag.py
[2025-01-07T14:05:43.015+0000] {processor.py:840} INFO - DAG(s) 'first_dag' retrieved from /opt/airflow/dags/first_dag.py
[2025-01-07T14:05:43.047+0000] {logging_mixin.py:188} INFO - [2025-01-07T14:05:43.047+0000] {dag.py:3096} INFO - Sync 1 DAGs
[2025-01-07T14:05:43.075+0000] {logging_mixin.py:188} INFO - [2025-01-07T14:05:43.074+0000] {dag.py:3954} INFO - Setting next_dagrun for first_dag to 2025-01-07 00:00:00+00:00, run_after=2025-01-08 00:00:00+00:00
[2025-01-07T14:05:43.101+0000] {processor.py:183} INFO - Processing /opt/airflow/dags/first_dag.py took 0.116 seconds
[2025-01-07T14:06:13.332+0000] {processor.py:161} INFO - Started process (PID=2387) to work on /opt/airflow/dags/first_dag.py
[2025-01-07T14:06:13.333+0000] {processor.py:830} INFO - Processing file /opt/airflow/dags/first_dag.py for tasks to queue
[2025-01-07T14:06:13.334+0000] {logging_mixin.py:188} INFO - [2025-01-07T14:06:13.334+0000] {dagbag.py:545} INFO - Filling up the DagBag from /opt/airflow/dags/first_dag.py
[2025-01-07T14:06:13.359+0000] {processor.py:840} INFO - DAG(s) 'first_dag' retrieved from /opt/airflow/dags/first_dag.py
[2025-01-07T14:06:13.390+0000] {logging_mixin.py:188} INFO - [2025-01-07T14:06:13.389+0000] {dag.py:3096} INFO - Sync 1 DAGs
[2025-01-07T14:06:13.417+0000] {logging_mixin.py:188} INFO - [2025-01-07T14:06:13.417+0000] {dag.py:3954} INFO - Setting next_dagrun for first_dag to 2025-01-07 00:00:00+00:00, run_after=2025-01-08 00:00:00+00:00
[2025-01-07T14:06:13.441+0000] {processor.py:183} INFO - Processing /opt/airflow/dags/first_dag.py took 0.115 seconds
[2025-01-07T14:06:43.685+0000] {processor.py:161} INFO - Started process (PID=2395) to work on /opt/airflow/dags/first_dag.py
[2025-01-07T14:06:43.687+0000] {processor.py:830} INFO - Processing file /opt/airflow/dags/first_dag.py for tasks to queue
[2025-01-07T14:06:43.688+0000] {logging_mixin.py:188} INFO - [2025-01-07T14:06:43.688+0000] {dagbag.py:545} INFO - Filling up the DagBag from /opt/airflow/dags/first_dag.py
[2025-01-07T14:06:43.716+0000] {processor.py:840} INFO - DAG(s) 'first_dag' retrieved from /opt/airflow/dags/first_dag.py
[2025-01-07T14:06:43.755+0000] {logging_mixin.py:188} INFO - [2025-01-07T14:06:43.755+0000] {dag.py:3096} INFO - Sync 1 DAGs
[2025-01-07T14:06:43.787+0000] {logging_mixin.py:188} INFO - [2025-01-07T14:06:43.786+0000] {dag.py:3954} INFO - Setting next_dagrun for first_dag to 2025-01-07 00:00:00+00:00, run_after=2025-01-08 00:00:00+00:00
[2025-01-07T14:06:43.814+0000] {processor.py:183} INFO - Processing /opt/airflow/dags/first_dag.py took 0.136 seconds
[2025-01-07T14:07:14.013+0000] {processor.py:161} INFO - Started process (PID=2403) to work on /opt/airflow/dags/first_dag.py
[2025-01-07T14:07:14.014+0000] {processor.py:830} INFO - Processing file /opt/airflow/dags/first_dag.py for tasks to queue
[2025-01-07T14:07:14.015+0000] {logging_mixin.py:188} INFO - [2025-01-07T14:07:14.015+0000] {dagbag.py:545} INFO - Filling up the DagBag from /opt/airflow/dags/first_dag.py
[2025-01-07T14:07:14.039+0000] {processor.py:840} INFO - DAG(s) 'first_dag' retrieved from /opt/airflow/dags/first_dag.py
[2025-01-07T14:07:14.070+0000] {logging_mixin.py:188} INFO - [2025-01-07T14:07:14.069+0000] {dag.py:3096} INFO - Sync 1 DAGs
[2025-01-07T14:07:14.096+0000] {logging_mixin.py:188} INFO - [2025-01-07T14:07:14.095+0000] {dag.py:3954} INFO - Setting next_dagrun for first_dag to 2025-01-07 00:00:00+00:00, run_after=2025-01-08 00:00:00+00:00
[2025-01-07T14:07:14.121+0000] {processor.py:183} INFO - Processing /opt/airflow/dags/first_dag.py took 0.114 seconds
