[2025-01-07T13:14:10.209+0000] {local_task_job_runner.py:120} INFO - ::group::Pre task execution logs
[2025-01-07T13:14:10.269+0000] {taskinstance.py:2076} INFO - Dependencies all met for dep_context=non-requeueable deps ti=<TaskInstance: first_dag_execution_date.even_only scheduled__2025-01-01T00:00:00+00:00 [queued]>
[2025-01-07T13:14:10.290+0000] {taskinstance.py:2076} INFO - Dependencies all met for dep_context=requeueable deps ti=<TaskInstance: first_dag_execution_date.even_only scheduled__2025-01-01T00:00:00+00:00 [queued]>
[2025-01-07T13:14:10.291+0000] {taskinstance.py:2306} INFO - Starting attempt 1 of 1
[2025-01-07T13:14:10.323+0000] {taskinstance.py:2330} INFO - Executing <Task(PythonOperator): even_only> on 2025-01-01 00:00:00+00:00
[2025-01-07T13:14:10.336+0000] {warnings.py:112} WARNING - /home/***/.local/lib/python3.12/site-packages/***/task/task_runner/standard_task_runner.py:61: DeprecationWarning: This process (pid=1545) is multi-threaded, use of fork() may lead to deadlocks in the child.
  pid = os.fork()

[2025-01-07T13:14:10.338+0000] {standard_task_runner.py:63} INFO - Started process 1550 to run task
[2025-01-07T13:14:10.338+0000] {standard_task_runner.py:90} INFO - Running: ['***', 'tasks', 'run', 'first_dag_execution_date', 'even_only', 'scheduled__2025-01-01T00:00:00+00:00', '--job-id', '63', '--raw', '--subdir', 'DAGS_FOLDER/first_dag_execution_date.py', '--cfg-path', '/tmp/tmpd3jji0xo']
[2025-01-07T13:14:10.340+0000] {standard_task_runner.py:91} INFO - Job 63: Subtask even_only
[2025-01-07T13:14:10.414+0000] {task_command.py:426} INFO - Running <TaskInstance: first_dag_execution_date.even_only scheduled__2025-01-01T00:00:00+00:00 [running]> on host 006c1e931b5c
[2025-01-07T13:14:10.552+0000] {taskinstance.py:2648} INFO - Exporting env vars: AIRFLOW_CTX_DAG_OWNER='***' AIRFLOW_CTX_DAG_ID='first_dag_execution_date' AIRFLOW_CTX_TASK_ID='even_only' AIRFLOW_CTX_EXECUTION_DATE='2025-01-01T00:00:00+00:00' AIRFLOW_CTX_TRY_NUMBER='1' AIRFLOW_CTX_DAG_RUN_ID='scheduled__2025-01-01T00:00:00+00:00'
[2025-01-07T13:14:10.553+0000] {taskinstance.py:430} INFO - ::endgroup::
[2025-01-07T13:14:10.570+0000] {warnings.py:112} WARNING - /home/***/.local/lib/python3.12/site-packages/***/utils/context.py:212: AirflowContextDeprecationWarning: Accessing 'execution_date' from the template is deprecated and will be removed in a future version. Please use 'data_interval_start' or 'logical_date' instead.
  warnings.warn(_create_deprecation_warning(key, self._deprecation_replacements[key]))

[2025-01-07T13:14:10.570+0000] {taskinstance.py:441} INFO - ::group::Post task execution logs
[2025-01-07T13:14:10.571+0000] {taskinstance.py:2905} ERROR - Task failed with exception
Traceback (most recent call last):
  File "/home/airflow/.local/lib/python3.12/site-packages/airflow/models/taskinstance.py", line 465, in _execute_task
    result = _execute_callable(context=context, **execute_callable_kwargs)
             ^^^^^^^^^^^^^^^^^^^^^^^^^^^^^^^^^^^^^^^^^^^^^^^^^^^^^^^^^^^^^
  File "/home/airflow/.local/lib/python3.12/site-packages/airflow/models/taskinstance.py", line 432, in _execute_callable
    return execute_callable(context=context, **execute_callable_kwargs)
           ^^^^^^^^^^^^^^^^^^^^^^^^^^^^^^^^^^^^^^^^^^^^^^^^^^^^^^^^^^^^
  File "/home/airflow/.local/lib/python3.12/site-packages/airflow/models/baseoperator.py", line 401, in wrapper
    return func(self, *args, **kwargs)
           ^^^^^^^^^^^^^^^^^^^^^^^^^^^
  File "/home/airflow/.local/lib/python3.12/site-packages/airflow/operators/python.py", line 235, in execute
    return_value = self.execute_callable()
                   ^^^^^^^^^^^^^^^^^^^^^^^
  File "/home/airflow/.local/lib/python3.12/site-packages/airflow/operators/python.py", line 252, in execute_callable
    return self.python_callable(*self.op_args, **self.op_kwargs)
           ^^^^^^^^^^^^^^^^^^^^^^^^^^^^^^^^^^^^^^^^^^^^^^^^^^^^^
  File "/opt/airflow/dags/first_dag_execution_date.py", line 18, in even_only
    raise ValueError(f'Odd day: {execution_date}')
ValueError: Odd day: 2025-01-01 00:00:00+00:00
[2025-01-07T13:14:10.585+0000] {taskinstance.py:1206} INFO - Marking task as FAILED. dag_id=first_dag_execution_date, task_id=even_only, run_id=scheduled__2025-01-01T00:00:00+00:00, execution_date=20250101T000000, start_date=20250107T131410, end_date=20250107T131410
[2025-01-07T13:14:10.601+0000] {standard_task_runner.py:110} ERROR - Failed to execute job 63 for task even_only (Odd day: 2025-01-01 00:00:00+00:00; 1550)
[2025-01-07T13:14:10.634+0000] {local_task_job_runner.py:240} INFO - Task exited with return code 1
[2025-01-07T13:14:10.662+0000] {taskinstance.py:3503} INFO - 0 downstream tasks scheduled from follow-on schedule check
[2025-01-07T13:14:10.665+0000] {local_task_job_runner.py:222} INFO - ::endgroup::
